#
# A fatal error has been detected by the Java Runtime Environment:
#
#  SIGSEGV (0xb) at pc=0x0000000000000000, pid=45768, tid=0x0000000000001703
#
# JRE version: Java(TM) SE Runtime Environment (8.0_161-b12) (build 1.8.0_161-b12)
# Java VM: Java HotSpot(TM) 64-Bit Server VM (25.161-b12 mixed mode bsd-amd64 compressed oops)
# Problematic frame:
# C  0x0000000000000000
#
# Failed to write core dump. Core dumps have been disabled. To enable core dumping, try "ulimit -c unlimited" before starting Java again
#
# If you would like to submit a bug report, please visit:
#   http://bugreport.java.com/bugreport/crash.jsp
# The crash happened outside the Java Virtual Machine in native code.
# See problematic frame for where to report the bug.
#

---------------  T H R E A D  ---------------

Current thread (0x00007febdf006000):  JavaThread "main" [_thread_in_native, id=5891, stack(0x0000700003487000,0x0000700003587000)]

siginfo: si_signo: 11 (SIGSEGV), si_code: 1 (SEGV_MAPERR), si_addr: 0x0000000000000000

Registers:
RAX=0x0000000121c10150, RBX=0x000000011c5ba4f8, RCX=0x0000000109e28360, RDX=0x0000000000000001
RSP=0x0000700003586618, RBP=0x0000700003586630, RSI=0x000070000358662c, RDI=0x0000000000000001
R8 =0x0000000000000000, R9 =0x000000000000006d, R10=0x000000010ce5863b, R11=0x0000000109ae7bcb
R12=0x0000000000000000, R13=0x000000011c5ba4f8, R14=0x00007000035866b0, R15=0x00007febdf006000
RIP=0x0000000000000000, EFLAGS=0x0000000000010202, ERR=0x0000000000000014
  TRAPNO=0x000000000000000e

Top of Stack: (sp=0x0000700003586618)
0x0000700003586618:   0000000121c10164 0000700003586690
0x0000700003586628:   000000010ce584e3 0000700003586690
0x0000700003586638:   000000010ce58667 0000700003586688
0x0000700003586648:   000000010ce58382 0000700003586650
0x0000700003586658:   000000011c5ba4f8 00007000035866b0
0x0000700003586668:   000000011c5bd258 0000000000000000
0x0000700003586678:   000000011c5ba4f8 0000000000000000
0x0000700003586688:   00007000035866b0 00007000035866f8
0x0000700003586698:   000000010ce47d00 00000007ab181898
0x00007000035866a8:   000000010ce51d16 0000000000000001
0x00007000035866b8:   00007000035866b8 000000011c5ba451
0x00007000035866c8:   0000700003586708 000000011c5bd258
0x00007000035866d8:   0000000000000000 000000011c5ba470
0x00007000035866e8:   00007000035866b0 0000700003586710
0x00007000035866f8:   0000700003586758 000000010ce47d00
0x0000700003586708:   0000000000000000 00000007ab176298
0x0000700003586718:   0000700003586718 000000011c5b692d
0x0000700003586728:   0000700003586768 000000011c5b6e28
0x0000700003586738:   0000000000000000 000000011c5b6958
0x0000700003586748:   0000700003586710 0000700003586768
0x0000700003586758:   00007000035867c0 000000010ce482bd
0x0000700003586768:   00000007ab176298 00000007ab176298
0x0000700003586778:   00000007ab173bd8 0000700003586780
0x0000700003586788:   000000011c5b6181 00007000035867e8
0x0000700003586798:   000000011c5b63d8 0000000000000000
0x00007000035867a8:   000000011c5b61e8 0000700003586768
0x00007000035867b8:   00007000035867d8 0000700003586840
0x00007000035867c8:   000000010ce482bd 0000000000000000
0x00007000035867d8:   00000007ab173bf0 000070003f800000
0x00007000035867e8:   00000007ab173bd8 00000007ab173bd8
0x00007000035867f8:   00000007ab151620 0000700003586800
0x0000700003586808:   000000011c5b0f25 00007000035868b0 

Instructions: (pc=0x0000000000000000)
0xffffffffffffffe0:   

Register to memory mapping:

RAX=0x0000000121c10150: Java_org_lwjgl_openal_AL10_nalGenSources2+0 in /Users/markovitsgergo/CarRace/CarRace/gameEngine/lib/natives/liblwjgl.jnilib at 0x0000000121c0d000
RBX={method} {0x000000011c5ba4f8} 'nalGenSources2' '(I)I' in 'org/lwjgl/openal/AL10'
RCX=0x0000000109e28360: UseMembar+0 in /Library/Java/JavaVirtualMachines/jdk1.8.0_161.jdk/Contents/Home/jre/lib/server/libjvm.dylib at 0x0000000109600000
RDX=0x0000000000000001 is an unknown value
RSP=0x0000700003586618 is pointing into the stack for thread: 0x00007febdf006000
RBP=0x0000700003586630 is pointing into the stack for thread: 0x00007febdf006000
RSI=0x000070000358662c is pointing into the stack for thread: 0x00007febdf006000
RDI=0x0000000000000001 is an unknown value
R8 =0x0000000000000000 is an unknown value
R9 =0x000000000000006d is an unknown value
R10=0x000000010ce5863b is at code_begin+859 in an Interpreter codelet
method entry point (kind = native)  [0x000000010ce582e0, 0x000000010ce58c40]  2400 bytes
R11=0x0000000109ae7bcb: throw_unsatisfied_link_error+0 in /Library/Java/JavaVirtualMachines/jdk1.8.0_161.jdk/Contents/Home/jre/lib/server/libjvm.dylib at 0x0000000109600000
R12=0x0000000000000000 is an unknown value
R13={method} {0x000000011c5ba4f8} 'nalGenSources2' '(I)I' in 'org/lwjgl/openal/AL10'
R14=0x00007000035866b0 is pointing into the stack for thread: 0x00007febdf006000
R15=0x00007febdf006000 is a thread


Stack: [0x0000700003487000,0x0000700003587000],  sp=0x0000700003586618,  free space=1021k
Java frames: (J=compiled Java code, j=interpreted, Vv=VM code)
j  org.lwjgl.openal.AL10.nalGenSources2(I)I+0
j  org.lwjgl.openal.AL10.alGenSources()I+1
j  audio.Source.<init>()V+5
j  audio.AudioCar.<init>(FLjava/lang/String;)V+9
j  cars.Challenger.<init>(LrenderEngine/Loader;Lcars/e8CarColour;Lorg/lwjgl/util/vector/Vector3f;)V+21
j  engineTester.MainGameLoop.main([Ljava/lang/String;)V+48
v  ~StubRoutines::call_stub

---------------  P R O C E S S  ---------------

Java Threads: ( => current thread )
  0x00007febdf0f5000 JavaThread "AWT-Shutdown" [_thread_blocked, id=39723, stack(0x00007000042b1000,0x00007000043b1000)]
  0x00007febdd8ae800 JavaThread "AppKit Thread" daemon [_thread_in_native, id=775, stack(0x00007ffee6689000,0x00007ffee6e89000)]
  0x00007febde82a800 JavaThread "Service Thread" daemon [_thread_blocked, id=16899, stack(0x00007000040ab000,0x00007000041ab000)]
  0x00007febde81d800 JavaThread "C1 CompilerThread2" daemon [_thread_blocked, id=13571, stack(0x0000700003fa8000,0x00007000040a8000)]
  0x00007febde81d000 JavaThread "C2 CompilerThread1" daemon [_thread_blocked, id=17667, stack(0x0000700003ea5000,0x0000700003fa5000)]
  0x00007febdf030800 JavaThread "C2 CompilerThread0" daemon [_thread_blocked, id=18179, stack(0x0000700003da2000,0x0000700003ea2000)]
  0x00007febde82a000 JavaThread "Signal Dispatcher" daemon [_thread_blocked, id=13063, stack(0x0000700003c9f000,0x0000700003d9f000)]
  0x00007febde02e000 JavaThread "Finalizer" daemon [_thread_blocked, id=11267, stack(0x0000700003b9c000,0x0000700003c9c000)]
  0x00007febdf02c800 JavaThread "Reference Handler" daemon [_thread_blocked, id=20227, stack(0x0000700003a99000,0x0000700003b99000)]
=>0x00007febdf006000 JavaThread "main" [_thread_in_native, id=5891, stack(0x0000700003487000,0x0000700003587000)]

Other Threads:
  0x00007febdd824000 VMThread [stack: 0x0000700003996000,0x0000700003a96000] [id=20739]
  0x00007febde822800 WatcherThread [stack: 0x00007000041ae000,0x00007000042ae000] [id=13827]

VM state:not at safepoint (normal execution)

VM Mutex/Monitor currently owned by a thread: None

Heap:
 PSYoungGen      total 18944K, used 6922K [0x00000007aab00000, 0x00000007ac000000, 0x00000007c0000000)
  eden space 16384K, 42% used [0x00000007aab00000,0x00000007ab1c29e8,0x00000007abb00000)
  from space 2560K, 0% used [0x00000007abd80000,0x00000007abd80000,0x00000007ac000000)
  to   space 2560K, 0% used [0x00000007abb00000,0x00000007abb00000,0x00000007abd80000)
 ParOldGen       total 44032K, used 0K [0x0000000780000000, 0x0000000782b00000, 0x00000007aab00000)
  object space 44032K, 0% used [0x0000000780000000,0x0000000780000000,0x0000000782b00000)
 Metaspace       used 6154K, capacity 6349K, committed 6656K, reserved 1056768K
  class space    used 615K, capacity 665K, committed 768K, reserved 1048576K

Card table byte_map: [0x000000010a9b7000,0x000000010abb8000] byte_map_base: 0x0000000106db7000

Marking Bits: (ParMarkBitMap*) 0x0000000109ef76c0
 Begin Bits: [0x000000010ad0e000, 0x000000010bd0e000)
 End Bits:   [0x000000010bd0e000, 0x000000010cd0e000)

Polling page: 0x0000000108df4000

CodeCache: size=245760Kb used=1969Kb max_used=1973Kb free=243790Kb
 bounds [0x000000010ce40000, 0x000000010d0b0000, 0x000000011be40000]
 total_blobs=787 nmethods=418 adapters=283
 compilation: enabled

Compilation events (10 events):
Event: 0.983 Thread 0x00007febde81d800  412       3       java.lang.StringBuilder::length (5 bytes)
Event: 0.983 Thread 0x00007febde81d800 nmethod 412 0x000000010d02a150 code [0x000000010d02a2c0, 0x000000010d02a430]
Event: 0.983 Thread 0x00007febde81d800  413       3       java.lang.StringBuilder::charAt (6 bytes)
Event: 0.983 Thread 0x00007febde81d800 nmethod 413 0x000000010d02a490 code [0x000000010d02a620, 0x000000010d02a908]
Event: 0.999 Thread 0x00007febde81d000  415       4       java.util.concurrent.ConcurrentHashMap::setTabAt (19 bytes)
Event: 0.999 Thread 0x00007febde81d000 nmethod 415 0x000000010d02df90 code [0x000000010d02e0c0, 0x000000010d02e138]
Event: 1.002 Thread 0x00007febde81d800  417       3       java.lang.String::replace (127 bytes)
Event: 1.002 Thread 0x00007febde81d800 nmethod 417 0x000000010d02d010 code [0x000000010d02d1c0, 0x000000010d02d870]
Event: 1.003 Thread 0x00007febde81d800  418       3       sun.misc.URLClassPath::getResource (83 bytes)
Event: 1.004 Thread 0x00007febde81d800 nmethod 418 0x000000010d02c910 code [0x000000010d02cac0, 0x000000010d02ce88]

GC Heap History (0 events):
No events

Deoptimization events (2 events):
Event: 0.163 Thread 0x00007febdf006000 Uncommon trap: reason=unstable_if action=reinterpret pc=0x000000010cf5fe68 method=java.lang.String.hashCode()I @ 14
Event: 0.976 Thread 0x00007febdf006000 Uncommon trap: reason=unstable_if action=reinterpret pc=0x000000010cfe25c0 method=java.lang.String.replace(CC)Ljava/lang/String; @ 26

Classes redefined (0 events):
No events

Internal exceptions (10 events):
Event: 0.053 Thread 0x00007febdf006000 Exception <a 'java/lang/NoSuchMethodError': Method sun.misc.Unsafe.prefetchRead(Ljava/lang/Object;J)V name or signature does not match> (0x00000007aab07f88) thrown at [/Users/java_re/workspace/8-2-build-macosx-x86_64/jdk8u161/10277/hotspot/src/share/vm/pr
Event: 0.227 Thread 0x00007febdf006000 Exception <a 'java/security/PrivilegedActionException'> (0x00000007aacdc668) thrown at [/Users/java_re/workspace/8-2-build-macosx-x86_64/jdk8u161/10277/hotspot/src/share/vm/prims/jvm.cpp, line 1390]
Event: 0.227 Thread 0x00007febdf006000 Exception <a 'java/security/PrivilegedActionException'> (0x00000007aacdc878) thrown at [/Users/java_re/workspace/8-2-build-macosx-x86_64/jdk8u161/10277/hotspot/src/share/vm/prims/jvm.cpp, line 1390]
Event: 0.228 Thread 0x00007febdf006000 Exception <a 'java/security/PrivilegedActionException'> (0x00000007aacdfd90) thrown at [/Users/java_re/workspace/8-2-build-macosx-x86_64/jdk8u161/10277/hotspot/src/share/vm/prims/jvm.cpp, line 1390]
Event: 0.228 Thread 0x00007febdf006000 Exception <a 'java/security/PrivilegedActionException'> (0x00000007aacdffa0) thrown at [/Users/java_re/workspace/8-2-build-macosx-x86_64/jdk8u161/10277/hotspot/src/share/vm/prims/jvm.cpp, line 1390]
Event: 0.304 Thread 0x00007febdf006000 Exception <a 'java/lang/NoSuchFieldError': method resolution failed> (0x00000007aadba880) thrown at [/Users/java_re/workspace/8-2-build-macosx-x86_64/jdk8u161/10277/hotspot/src/share/vm/prims/methodHandles.cpp, line 1167]
Event: 0.305 Thread 0x00007febdf006000 Exception <a 'java/lang/NoSuchFieldError': method resolution failed> (0x00000007aadc7fd0) thrown at [/Users/java_re/workspace/8-2-build-macosx-x86_64/jdk8u161/10277/hotspot/src/share/vm/prims/methodHandles.cpp, line 1167]
Event: 0.568 Thread 0x00007febdf006000 Exception <a 'java/io/FileNotFoundException'> (0x00000007aae42d90) thrown at [/Users/java_re/workspace/8-2-build-macosx-x86_64/jdk8u161/10277/hotspot/src/share/vm/prims/jni.cpp, line 709]
Event: 0.568 Thread 0x00007febdf006000 Exception <a 'java/io/FileNotFoundException'> (0x00000007aae43938) thrown at [/Users/java_re/workspace/8-2-build-macosx-x86_64/jdk8u161/10277/hotspot/src/share/vm/prims/jni.cpp, line 709]
Event: 0.592 Thread 0x00007febdf006000 Exception <a 'java/lang/UnsatisfiedLinkError'> (0x00000007aae534c0) thrown at [/Users/java_re/workspace/8-2-build-macosx-x86_64/jdk8u161/10277/hotspot/src/share/vm/prims/jvm.cpp, line 1394]

Events (10 events):
Event: 1.002 loading class org/lwjgl/util/vector/WritableVector2f
Event: 1.002 loading class org/lwjgl/util/vector/WritableVector2f done
Event: 1.002 loading class org/lwjgl/util/vector/Vector
Event: 1.002 loading class org/lwjgl/util/vector/Vector done
Event: 1.003 loading class audio/AudioCar
Event: 1.003 loading class audio/AudioCar done
Event: 1.004 loading class audio/Source
Event: 1.004 loading class audio/Source done
Event: 1.005 loading class org/lwjgl/openal/AL10
Event: 1.005 loading class org/lwjgl/openal/AL10 done


Dynamic libraries:
0x000000000ad63000 	/System/Library/Frameworks/Cocoa.framework/Versions/A/Cocoa
0x000000000ad63000 	/System/Library/Frameworks/Security.framework/Versions/A/Security
0x000000000ad63000 	/System/Library/Frameworks/ApplicationServices.framework/Versions/A/ApplicationServices
0x000000000ad63000 	/usr/lib/libz.1.dylib
0x000000000ad63000 	/usr/lib/libSystem.B.dylib
0x000000000ad63000 	/usr/lib/libobjc.A.dylib
0x000000000ad63000 	/System/Library/Frameworks/CoreFoundation.framework/Versions/A/CoreFoundation
0x000000000ad63000 	/System/Library/Frameworks/Foundation.framework/Versions/C/Foundation
0x000000000ad63000 	/System/Library/Frameworks/AppKit.framework/Versions/C/AppKit
0x000000000ad63000 	/System/Library/Frameworks/CoreData.framework/Versions/A/CoreData
0x000000000ad63000 	/System/Library/PrivateFrameworks/RemoteViewServices.framework/Versions/A/RemoteViewServices
0x000000000ad63000 	/System/Library/PrivateFrameworks/UIFoundation.framework/Versions/A/UIFoundation
0x000000000ad63000 	/System/Library/PrivateFrameworks/DFRFoundation.framework/Versions/A/DFRFoundation
0x000000000ad63000 	/System/Library/Frameworks/Metal.framework/Versions/A/Metal
0x000000000ad63000 	/System/Library/PrivateFrameworks/DesktopServicesPriv.framework/Versions/A/DesktopServicesPriv
0x000000000ad63000 	/usr/lib/libenergytrace.dylib
0x000000000ad63000 	/System/Library/PrivateFrameworks/SkyLight.framework/Versions/A/SkyLight
0x000000000ad63000 	/System/Library/Frameworks/CoreGraphics.framework/Versions/A/CoreGraphics
0x000000000ad63000 	/usr/lib/libScreenReader.dylib
0x000000000ad63000 	/System/Library/Frameworks/Accelerate.framework/Versions/A/Accelerate
0x000000000ad63000 	/System/Library/Frameworks/IOSurface.framework/Versions/A/IOSurface
0x000000000ad63000 	/System/Library/Frameworks/AudioToolbox.framework/Versions/A/AudioToolbox
0x000000000ad63000 	/System/Library/Frameworks/AudioUnit.framework/Versions/A/AudioUnit
0x000000000ad63000 	/System/Library/PrivateFrameworks/DataDetectorsCore.framework/Versions/A/DataDetectorsCore
0x000000000ad63000 	/System/Library/Frameworks/Carbon.framework/Versions/A/Frameworks/HIToolbox.framework/Versions/A/HIToolbox
0x000000000ad63000 	/usr/lib/libicucore.A.dylib
0x000000000ad63000 	/System/Library/Frameworks/QuartzCore.framework/Versions/A/QuartzCore
0x000000000ad63000 	/System/Library/PrivateFrameworks/SignpostNotification.framework/Versions/A/SignpostNotification
0x000000000ad63000 	/System/Library/Frameworks/Carbon.framework/Versions/A/Frameworks/SpeechRecognition.framework/Versions/A/SpeechRecognition
0x000000000ad63000 	/usr/lib/libauto.dylib
0x000000000ad63000 	/usr/lib/libxml2.2.dylib
0x000000000ad63000 	/System/Library/PrivateFrameworks/CoreUI.framework/Versions/A/CoreUI
0x000000000ad63000 	/System/Library/Frameworks/CoreAudio.framework/Versions/A/CoreAudio
0x000000000ad63000 	/System/Library/Frameworks/DiskArbitration.framework/Versions/A/DiskArbitration
0x000000000ad63000 	/usr/lib/liblangid.dylib
0x000000000ad63000 	/System/Library/PrivateFrameworks/MultitouchSupport.framework/Versions/A/MultitouchSupport
0x000000000ad63000 	/System/Library/Frameworks/IOKit.framework/Versions/A/IOKit
0x000000000ad63000 	/usr/lib/libDiagnosticMessagesClient.dylib
0x000000000ad63000 	/System/Library/Frameworks/CoreServices.framework/Versions/A/CoreServices
0x000000000ad63000 	/System/Library/PrivateFrameworks/PerformanceAnalysis.framework/Versions/A/PerformanceAnalysis
0x000000000ad63000 	/System/Library/Frameworks/OpenGL.framework/Versions/A/OpenGL
0x000000000ad63000 	/System/Library/Frameworks/ColorSync.framework/Versions/A/ColorSync
0x000000000ad63000 	/System/Library/Frameworks/CoreImage.framework/Versions/A/CoreImage
0x000000000ad63000 	/System/Library/Frameworks/CoreText.framework/Versions/A/CoreText
0x000000000ad63000 	/System/Library/Frameworks/ImageIO.framework/Versions/A/ImageIO
0x000000000ad63000 	/System/Library/PrivateFrameworks/Backup.framework/Versions/A/Backup
0x000000000ad63000 	/usr/lib/libarchive.2.dylib
0x000000000ad63000 	/System/Library/Frameworks/CFNetwork.framework/Versions/A/CFNetwork
0x000000000ad63000 	/System/Library/Frameworks/SystemConfiguration.framework/Versions/A/SystemConfiguration
0x000000000ad63000 	/usr/lib/libCRFSuite.dylib
0x000000000ad63000 	/usr/lib/libc++.1.dylib
0x000000000ad63000 	/usr/lib/libc++abi.dylib
0x000000000ad63000 	/usr/lib/system/libcache.dylib
0x000000000ad63000 	/usr/lib/system/libcommonCrypto.dylib
0x000000000ad63000 	/usr/lib/system/libcompiler_rt.dylib
0x000000000ad63000 	/usr/lib/system/libcopyfile.dylib
0x000000000ad63000 	/usr/lib/system/libcorecrypto.dylib
0x000000000ad63000 	/usr/lib/system/libdispatch.dylib
0x000000000ad63000 	/usr/lib/system/libdyld.dylib
0x000000000ad63000 	/usr/lib/system/libkeymgr.dylib
0x000000000ad63000 	/usr/lib/system/liblaunch.dylib
0x000000000ad63000 	/usr/lib/system/libmacho.dylib
0x000000000ad63000 	/usr/lib/system/libquarantine.dylib
0x000000000ad63000 	/usr/lib/system/libremovefile.dylib
0x000000000ad63000 	/usr/lib/system/libsystem_asl.dylib
0x000000000ad63000 	/usr/lib/system/libsystem_blocks.dylib
0x000000000ad63000 	/usr/lib/system/libsystem_c.dylib
0x000000000ad63000 	/usr/lib/system/libsystem_configuration.dylib
0x000000000ad63000 	/usr/lib/system/libsystem_coreservices.dylib
0x000000000ad63000 	/usr/lib/system/libsystem_darwin.dylib
0x000000000ad63000 	/usr/lib/system/libsystem_dnssd.dylib
0x000000000ad63000 	/usr/lib/system/libsystem_info.dylib
0x000000000ad63000 	/usr/lib/system/libsystem_m.dylib
0x000000000ad63000 	/usr/lib/system/libsystem_malloc.dylib
0x000000000ad63000 	/usr/lib/system/libsystem_network.dylib
0x000000000ad63000 	/usr/lib/system/libsystem_networkextension.dylib
0x000000000ad63000 	/usr/lib/system/libsystem_notify.dylib
0x000000000ad63000 	/usr/lib/system/libsystem_sandbox.dylib
0x000000000ad63000 	/usr/lib/system/libsystem_secinit.dylib
0x000000000ad63000 	/usr/lib/system/libsystem_kernel.dylib
0x000000000ad63000 	/usr/lib/system/libsystem_platform.dylib
0x000000000ad63000 	/usr/lib/system/libsystem_pthread.dylib
0x000000000ad63000 	/usr/lib/system/libsystem_symptoms.dylib
0x000000000ad63000 	/usr/lib/system/libsystem_trace.dylib
0x000000000ad63000 	/usr/lib/system/libunwind.dylib
0x000000000ad63000 	/usr/lib/system/libxpc.dylib
0x000000000ad63000 	/usr/lib/closure/libclosured.dylib
0x000000000ad63000 	/usr/lib/libbsm.0.dylib
0x000000000ad63000 	/usr/lib/system/libkxld.dylib
0x000000000ad63000 	/usr/lib/libOpenScriptingUtil.dylib
0x000000000ad63000 	/usr/lib/libcoretls.dylib
0x000000000ad63000 	/usr/lib/libcoretls_cfhelpers.dylib
0x000000000ad63000 	/usr/lib/libpam.2.dylib
0x000000000ad63000 	/usr/lib/libsqlite3.dylib
0x000000000ad63000 	/usr/lib/libxar.1.dylib
0x000000000ad63000 	/usr/lib/libbz2.1.0.dylib
0x000000000ad63000 	/usr/lib/liblzma.5.dylib
0x000000000ad63000 	/usr/lib/libnetwork.dylib
0x000000000ad63000 	/usr/lib/libapple_nghttp2.dylib
0x000000000ad63000 	/usr/lib/libpcap.A.dylib
0x000000000ad63000 	/usr/lib/libboringssl.dylib
0x000000000ad63000 	/usr/lib/libusrtcp.dylib
0x000000000ad63000 	/usr/lib/libapple_crypto.dylib
0x000000000ad63000 	/System/Library/Frameworks/CoreServices.framework/Versions/A/Frameworks/FSEvents.framework/Versions/A/FSEvents
0x000000000ad63000 	/System/Library/Frameworks/CoreServices.framework/Versions/A/Frameworks/CarbonCore.framework/Versions/A/CarbonCore
0x000000000ad63000 	/System/Library/Frameworks/CoreServices.framework/Versions/A/Frameworks/Metadata.framework/Versions/A/Metadata
0x000000000ad63000 	/System/Library/Frameworks/CoreServices.framework/Versions/A/Frameworks/OSServices.framework/Versions/A/OSServices
0x000000000ad63000 	/System/Library/Frameworks/CoreServices.framework/Versions/A/Frameworks/SearchKit.framework/Versions/A/SearchKit
0x000000000ad63000 	/System/Library/Frameworks/CoreServices.framework/Versions/A/Frameworks/AE.framework/Versions/A/AE
0x000000000ad63000 	/System/Library/Frameworks/CoreServices.framework/Versions/A/Frameworks/LaunchServices.framework/Versions/A/LaunchServices
0x000000000ad63000 	/System/Library/Frameworks/CoreServices.framework/Versions/A/Frameworks/DictionaryServices.framework/Versions/A/DictionaryServices
0x000000000ad63000 	/System/Library/Frameworks/CoreServices.framework/Versions/A/Frameworks/SharedFileList.framework/Versions/A/SharedFileList
0x000000000ad63000 	/System/Library/Frameworks/NetFS.framework/Versions/A/NetFS
0x000000000ad63000 	/System/Library/PrivateFrameworks/NetAuth.framework/Versions/A/NetAuth
0x000000000ad63000 	/System/Library/PrivateFrameworks/login.framework/Versions/A/Frameworks/loginsupport.framework/Versions/A/loginsupport
0x000000000ad63000 	/System/Library/PrivateFrameworks/TCC.framework/Versions/A/TCC
0x000000000ad63000 	/usr/lib/libmecabra.dylib
0x000000000ad63000 	/System/Library/Frameworks/ApplicationServices.framework/Versions/A/Frameworks/ATS.framework/Versions/A/ATS
0x000000000ad63000 	/System/Library/Frameworks/ApplicationServices.framework/Versions/A/Frameworks/ColorSyncLegacy.framework/Versions/A/ColorSyncLegacy
0x000000000ad63000 	/System/Library/Frameworks/ApplicationServices.framework/Versions/A/Frameworks/HIServices.framework/Versions/A/HIServices
0x000000000ad63000 	/System/Library/Frameworks/ApplicationServices.framework/Versions/A/Frameworks/LangAnalysis.framework/Versions/A/LangAnalysis
0x000000000ad63000 	/System/Library/Frameworks/ApplicationServices.framework/Versions/A/Frameworks/PrintCore.framework/Versions/A/PrintCore
0x000000000ad63000 	/System/Library/Frameworks/ApplicationServices.framework/Versions/A/Frameworks/QD.framework/Versions/A/QD
0x000000000ad63000 	/System/Library/Frameworks/ApplicationServices.framework/Versions/A/Frameworks/SpeechSynthesis.framework/Versions/A/SpeechSynthesis
0x000000000ad63000 	/System/Library/Frameworks/CoreDisplay.framework/Versions/A/CoreDisplay
0x000000000ad63000 	/System/Library/Frameworks/Accelerate.framework/Versions/A/Frameworks/vImage.framework/Versions/A/vImage
0x000000000ad63000 	/System/Library/Frameworks/Accelerate.framework/Versions/A/Frameworks/vecLib.framework/Versions/A/vecLib
0x000000000ad63000 	/System/Library/Frameworks/Accelerate.framework/Versions/A/Frameworks/vecLib.framework/Versions/A/libvDSP.dylib
0x000000000ad63000 	/System/Library/Frameworks/Accelerate.framework/Versions/A/Frameworks/vecLib.framework/Versions/A/libBNNS.dylib
0x000000000ad63000 	/System/Library/Frameworks/Accelerate.framework/Versions/A/Frameworks/vecLib.framework/Versions/A/libQuadrature.dylib
0x000000000ad63000 	/System/Library/Frameworks/Accelerate.framework/Versions/A/Frameworks/vecLib.framework/Versions/A/libvMisc.dylib
0x000000000ad63000 	/System/Library/Frameworks/Accelerate.framework/Versions/A/Frameworks/vecLib.framework/Versions/A/libLAPACK.dylib
0x000000000ad63000 	/System/Library/Frameworks/Accelerate.framework/Versions/A/Frameworks/vecLib.framework/Versions/A/libBLAS.dylib
0x000000000ad63000 	/System/Library/Frameworks/Accelerate.framework/Versions/A/Frameworks/vecLib.framework/Versions/A/libLinearAlgebra.dylib
0x000000000ad63000 	/System/Library/Frameworks/Accelerate.framework/Versions/A/Frameworks/vecLib.framework/Versions/A/libSparse.dylib
0x000000000ad63000 	/System/Library/Frameworks/Accelerate.framework/Versions/A/Frameworks/vecLib.framework/Versions/A/libSparseBLAS.dylib
0x000000000ad63000 	/System/Library/PrivateFrameworks/GPUWrangler.framework/Versions/A/GPUWrangler
0x000000000ad63000 	/System/Library/PrivateFrameworks/IOAccelerator.framework/Versions/A/IOAccelerator
0x000000000ad63000 	/System/Library/PrivateFrameworks/IOPresentment.framework/Versions/A/IOPresentment
0x000000000ad63000 	/System/Library/PrivateFrameworks/DSExternalDisplay.framework/Versions/A/DSExternalDisplay
0x000000000ad63000 	/System/Library/Frameworks/OpenGL.framework/Versions/A/Libraries/libCoreFSCache.dylib
0x000000000ad63000 	/System/Library/Frameworks/CoreVideo.framework/Versions/A/CoreVideo
0x000000000ad63000 	/System/Library/PrivateFrameworks/GraphVisualizer.framework/Versions/A/GraphVisualizer
0x000000000ad63000 	/System/Library/Frameworks/MetalPerformanceShaders.framework/Versions/A/MetalPerformanceShaders
0x000000000ad63000 	/usr/lib/libFosl_dynamic.dylib
0x000000000ad63000 	/System/Library/PrivateFrameworks/FaceCore.framework/Versions/A/FaceCore
0x000000000ad63000 	/System/Library/Frameworks/OpenCL.framework/Versions/A/OpenCL
0x000000000ad63000 	/usr/lib/libcompression.dylib
0x000000000ad63000 	/System/Library/Frameworks/ApplicationServices.framework/Versions/A/Frameworks/ATS.framework/Versions/A/Resources/libFontParser.dylib
0x000000000ad63000 	/System/Library/Frameworks/ApplicationServices.framework/Versions/A/Frameworks/ATS.framework/Versions/A/Resources/libFontRegistry.dylib
0x000000000ad63000 	/System/Library/Frameworks/ImageIO.framework/Versions/A/Resources/libJPEG.dylib
0x000000000ad63000 	/System/Library/Frameworks/ImageIO.framework/Versions/A/Resources/libTIFF.dylib
0x000000000ad63000 	/System/Library/Frameworks/ImageIO.framework/Versions/A/Resources/libPng.dylib
0x000000000ad63000 	/System/Library/Frameworks/ImageIO.framework/Versions/A/Resources/libGIF.dylib
0x000000000ad63000 	/System/Library/Frameworks/ImageIO.framework/Versions/A/Resources/libJP2.dylib
0x000000000ad63000 	/System/Library/Frameworks/ImageIO.framework/Versions/A/Resources/libRadiance.dylib
0x000000000ad63000 	/System/Library/PrivateFrameworks/AppleJPEG.framework/Versions/A/AppleJPEG
0x000000000ad63000 	/System/Library/Frameworks/MetalPerformanceShaders.framework/Frameworks/MPSCore.framework/Versions/A/MPSCore
0x000000000ad63000 	/System/Library/Frameworks/MetalPerformanceShaders.framework/Frameworks/MPSImage.framework/Versions/A/MPSImage
0x000000000ad63000 	/System/Library/Frameworks/MetalPerformanceShaders.framework/Frameworks/MPSNeuralNetwork.framework/Versions/A/MPSNeuralNetwork
0x000000000ad63000 	/System/Library/Frameworks/MetalPerformanceShaders.framework/Frameworks/MPSMatrix.framework/Versions/A/MPSMatrix
0x000000000ad63000 	/System/Library/PrivateFrameworks/MetalTools.framework/Versions/A/MetalTools
0x000000000ad63000 	/System/Library/Frameworks/OpenGL.framework/Versions/A/Libraries/libGLU.dylib
0x000000000ad63000 	/System/Library/Frameworks/OpenGL.framework/Versions/A/Libraries/libGFXShared.dylib
0x000000000ad63000 	/System/Library/Frameworks/OpenGL.framework/Versions/A/Libraries/libGL.dylib
0x000000000ad63000 	/System/Library/Frameworks/OpenGL.framework/Versions/A/Libraries/libGLImage.dylib
0x000000000ad63000 	/System/Library/Frameworks/OpenGL.framework/Versions/A/Libraries/libCVMSPluginSupport.dylib
0x000000000ad63000 	/System/Library/Frameworks/OpenGL.framework/Versions/A/Libraries/libCoreVMClient.dylib
0x000000000ad63000 	/usr/lib/libcups.2.dylib
0x000000000ad63000 	/System/Library/Frameworks/Kerberos.framework/Versions/A/Kerberos
0x000000000ad63000 	/System/Library/Frameworks/GSS.framework/Versions/A/GSS
0x000000000ad63000 	/usr/lib/libresolv.9.dylib
0x000000000ad63000 	/usr/lib/libiconv.2.dylib
0x000000000ad63000 	/System/Library/PrivateFrameworks/Heimdal.framework/Versions/A/Heimdal
0x000000000ad63000 	/usr/lib/libheimdal-asn1.dylib
0x000000000ad63000 	/System/Library/Frameworks/OpenDirectory.framework/Versions/A/OpenDirectory
0x000000000ad63000 	/System/Library/PrivateFrameworks/CommonAuth.framework/Versions/A/CommonAuth
0x000000000ad63000 	/System/Library/Frameworks/OpenDirectory.framework/Versions/A/Frameworks/CFOpenDirectory.framework/Versions/A/CFOpenDirectory
0x000000000ad63000 	/System/Library/Frameworks/SecurityFoundation.framework/Versions/A/SecurityFoundation
0x000000000ad63000 	/System/Library/PrivateFrameworks/APFS.framework/Versions/A/APFS
0x000000000ad63000 	/usr/lib/libutil.dylib
0x000000000ad63000 	/System/Library/PrivateFrameworks/AppleSauce.framework/Versions/A/AppleSauce
0x000000000ad63000 	/System/Library/PrivateFrameworks/LinguisticData.framework/Versions/A/LinguisticData
0x000000000ad63000 	/usr/lib/libmarisa.dylib
0x000000000ad63000 	/System/Library/PrivateFrameworks/Lexicon.framework/Versions/A/Lexicon
0x000000000ad63000 	/usr/lib/libChineseTokenizer.dylib
0x000000000ad63000 	/usr/lib/libcmph.dylib
0x000000000ad63000 	/System/Library/PrivateFrameworks/LanguageModeling.framework/Versions/A/LanguageModeling
0x000000000ad63000 	/System/Library/PrivateFrameworks/CoreEmoji.framework/Versions/A/CoreEmoji
0x000000000ad63000 	/System/Library/Frameworks/ServiceManagement.framework/Versions/A/ServiceManagement
0x000000000ad63000 	/System/Library/PrivateFrameworks/BackgroundTaskManagement.framework/Versions/A/BackgroundTaskManagement
0x000000000ad63000 	/usr/lib/libxslt.1.dylib
0x000000000ad63000 	/System/Library/Frameworks/Carbon.framework/Versions/A/Frameworks/Ink.framework/Versions/A/Ink
0x000000000ad63000 	/System/Library/PrivateFrameworks/TextureIO.framework/Versions/A/TextureIO
0x000000000ad63000 	/usr/lib/libate.dylib
0x000000000ad63000 	/System/Library/PrivateFrameworks/CrashReporterSupport.framework/Versions/A/CrashReporterSupport
0x000000000ad63000 	/System/Library/PrivateFrameworks/Sharing.framework/Versions/A/Sharing
0x000000000ad63000 	/System/Library/PrivateFrameworks/IconServices.framework/Versions/A/IconServices
0x000000000ad63000 	/System/Library/PrivateFrameworks/Apple80211.framework/Versions/A/Apple80211
0x000000000ad63000 	/System/Library/PrivateFrameworks/CoreUtils.framework/Versions/A/CoreUtils
0x000000000ad63000 	/System/Library/Frameworks/CoreWLAN.framework/Versions/A/CoreWLAN
0x000000000ad63000 	/System/Library/Frameworks/IOBluetooth.framework/Versions/A/IOBluetooth
0x000000000ad63000 	/System/Library/PrivateFrameworks/ProtocolBuffer.framework/Versions/A/ProtocolBuffer
0x000000000ad63000 	/System/Library/PrivateFrameworks/CoreWiFi.framework/Versions/A/CoreWiFi
0x000000000ad63000 	/System/Library/Frameworks/CoreBluetooth.framework/Versions/A/CoreBluetooth
0x000000000ad63000 	/System/Library/PrivateFrameworks/DebugSymbols.framework/Versions/A/DebugSymbols
0x000000000ad63000 	/System/Library/PrivateFrameworks/CoreSymbolication.framework/Versions/A/CoreSymbolication
0x000000000ad63000 	/System/Library/PrivateFrameworks/Symbolication.framework/Versions/A/Symbolication
0x000000000ad63000 	/System/Library/PrivateFrameworks/AppleFSCompression.framework/Versions/A/AppleFSCompression
0x000000000ad63000 	/System/Library/PrivateFrameworks/SpeechRecognitionCore.framework/Versions/A/SpeechRecognitionCore
0x000000000ad63000 	/System/Library/CoreServices/Encodings/libLatin2Converter.dylib
0x0000000109600000 	/Library/Java/JavaVirtualMachines/jdk1.8.0_161.jdk/Contents/Home/jre/lib/server/libjvm.dylib
0x000000000ad63000 	/usr/lib/libstdc++.6.0.9.dylib
0x0000000108db0000 	/Library/Java/JavaVirtualMachines/jdk1.8.0_161.jdk/Contents/Home/jre/lib/libverify.dylib
0x0000000108dbe000 	/Library/Java/JavaVirtualMachines/jdk1.8.0_161.jdk/Contents/Home/jre/lib/libjava.dylib
0x000000010a5ee000 	/Library/Java/JavaVirtualMachines/jdk1.8.0_161.jdk/Contents/Home/jre/lib/libzip.dylib
0x000000011f532000 	/Library/Java/JavaVirtualMachines/jdk1.8.0_161.jdk/Contents/Home/jre/lib/libawt.dylib
0x000000011f5dc000 	/Library/Java/JavaVirtualMachines/jdk1.8.0_161.jdk/Contents/Home/jre/lib/./libmlib_image.dylib
0x000000000ad63000 	/System/Library/Frameworks/JavaVM.framework/Versions/A/Frameworks/JavaNativeFoundation.framework/Versions/A/JavaNativeFoundation
0x000000000ad63000 	/System/Library/Frameworks/JavaVM.framework/Versions/A/Frameworks/JavaRuntimeSupport.framework/Versions/A/JavaRuntimeSupport
0x000000000ad63000 	/System/Library/Frameworks/JavaVM.framework/Versions/A/JavaVM
0x000000000ad63000 	/System/Library/PrivateFrameworks/JavaLaunching.framework/Versions/A/JavaLaunching
0x000000000ad63000 	/System/Library/Frameworks/Carbon.framework/Versions/A/Carbon
0x000000000ad63000 	/System/Library/Frameworks/Carbon.framework/Versions/A/Frameworks/CommonPanels.framework/Versions/A/CommonPanels
0x000000000ad63000 	/System/Library/Frameworks/Carbon.framework/Versions/A/Frameworks/Help.framework/Versions/A/Help
0x000000000ad63000 	/System/Library/Frameworks/Carbon.framework/Versions/A/Frameworks/ImageCapture.framework/Versions/A/ImageCapture
0x000000000ad63000 	/System/Library/Frameworks/Carbon.framework/Versions/A/Frameworks/OpenScripting.framework/Versions/A/OpenScripting
0x000000000ad63000 	/System/Library/Frameworks/Carbon.framework/Versions/A/Frameworks/Print.framework/Versions/A/Print
0x000000000ad63000 	/System/Library/Frameworks/Carbon.framework/Versions/A/Frameworks/SecurityHI.framework/Versions/A/SecurityHI
0x000000011f6a8000 	/Library/Java/JavaVirtualMachines/jdk1.8.0_161.jdk/Contents/Home/jre/lib/libawt_lwawt.dylib
0x000000011f762000 	/Library/Java/JavaVirtualMachines/jdk1.8.0_161.jdk/Contents/Home/jre/lib/./libosxapp.dylib
0x000000000ad63000 	/System/Library/Frameworks/ExceptionHandling.framework/Versions/A/ExceptionHandling
0x000000000ad63000 	/System/Library/PrivateFrameworks/CoreServicesInternal.framework/Versions/A/CoreServicesInternal
0x000000000ad63000 	/System/Library/CoreServices/RawCamera.bundle/Contents/MacOS/RawCamera
0x000000000ad63000 	/System/Library/PrivateFrameworks/MobileAsset.framework/Versions/A/MobileAsset
0x000000000ad63000 	/System/Library/PrivateFrameworks/StreamingZip.framework/Versions/A/StreamingZip
0x000000000ad63000 	/System/Library/Frameworks/MediaToolbox.framework/Versions/A/MediaToolbox
0x000000000ad63000 	/System/Library/PrivateFrameworks/CoreAVCHD.framework/Versions/A/CoreAVCHD
0x000000000ad63000 	/System/Library/Frameworks/MediaAccessibility.framework/Versions/A/MediaAccessibility
0x000000000ad63000 	/System/Library/PrivateFrameworks/Mangrove.framework/Versions/A/Mangrove
0x000000000ad63000 	/System/Library/Frameworks/CoreMedia.framework/Versions/A/CoreMedia
0x000000000ad63000 	/System/Library/Frameworks/VideoToolbox.framework/Versions/A/VideoToolbox
0x000000000ad63000 	/System/Library/PrivateFrameworks/CoreAUC.framework/Versions/A/CoreAUC
0x000000000ad63000 	/usr/lib/libspindump.dylib
0x000000000ad63000 	/System/Library/PrivateFrameworks/AppleVA.framework/Versions/A/AppleVA
0x000000000ad63000 	/System/Library/Frameworks/Accelerate.framework/Versions/A/Frameworks/vImage.framework/Versions/A/Libraries/libCGInterfaces.dylib
0x000000000ad63000 	/System/Library/Frameworks/ApplicationServices.framework/Versions/A/Frameworks/ATS.framework/Versions/A/Resources/libTrueTypeScaler.dylib
0x000000000ad63000 	/System/Library/Extensions/AppleIntelHD5000GraphicsMTLDriver.bundle/Contents/MacOS/AppleIntelHD5000GraphicsMTLDriver
0x000000000ad63000 	/System/Library/PrivateFrameworks/GPUCompiler.framework/Versions/3802/Libraries/libmetal_timestamp.dylib
0x000000000ad63000 	/System/Library/PrivateFrameworks/FamilyControls.framework/Versions/A/FamilyControls
0x000000000ad63000 	/System/Library/PrivateFrameworks/CommerceKit.framework/Versions/A/Frameworks/CommerceCore.framework/Versions/A/CommerceCore
0x000000000ad63000 	/System/Library/PrivateFrameworks/SystemAdministration.framework/Versions/A/SystemAdministration
0x000000000ad63000 	/System/Library/PrivateFrameworks/AppContainer.framework/Versions/A/AppContainer
0x000000000ad63000 	/System/Library/PrivateFrameworks/SecCodeWrapper.framework/Versions/A/SecCodeWrapper
0x000000000ad63000 	/System/Library/PrivateFrameworks/DiskManagement.framework/Versions/A/DiskManagement
0x000000000ad63000 	/System/Library/Frameworks/DirectoryService.framework/Versions/A/DirectoryService
0x000000000ad63000 	/System/Library/PrivateFrameworks/DiskImages.framework/Versions/A/DiskImages
0x000000000ad63000 	/System/Library/PrivateFrameworks/LoginUIKit.framework/Versions/A/Frameworks/LoginUICore.framework/Versions/A/LoginUICore
0x000000000ad63000 	/usr/lib/libCoreStorage.dylib
0x000000000ad63000 	/usr/lib/libcsfde.dylib
0x000000000ad63000 	/usr/lib/libodfde.dylib
0x000000000ad63000 	/System/Library/PrivateFrameworks/MediaKit.framework/Versions/A/MediaKit
0x000000000ad63000 	/System/Library/Frameworks/DiscRecording.framework/Versions/A/DiscRecording
0x000000000ad63000 	/System/Library/PrivateFrameworks/EFILogin.framework/Versions/A/EFILogin
0x000000000ad63000 	/System/Library/PrivateFrameworks/ProtectedCloudStorage.framework/Versions/A/ProtectedCloudStorage
0x000000000ad63000 	/usr/lib/libcurl.4.dylib
0x000000000ad63000 	/usr/lib/libcrypto.35.dylib
0x000000000ad63000 	/usr/lib/libssl.35.dylib
0x000000000ad63000 	/System/Library/Frameworks/LDAP.framework/Versions/A/LDAP
0x000000000ad63000 	/System/Library/PrivateFrameworks/TrustEvaluationAgent.framework/Versions/A/TrustEvaluationAgent
0x000000000ad63000 	/usr/lib/libsasl2.2.dylib
0x000000000ad63000 	/System/Library/PrivateFrameworks/CoreDaemon.framework/Versions/B/CoreDaemon
0x000000000ad63000 	/System/Library/PrivateFrameworks/AppleSRP.framework/Versions/A/AppleSRP
0x0000000121ba6000 	/Library/Java/JavaVirtualMachines/jdk1.8.0_161.jdk/Contents/Home/jre/lib/libfontmanager.dylib
0x0000000121c0d000 	/Users/markovitsgergo/CarRace/CarRace/gameEngine/lib/natives/liblwjgl.jnilib
0x0000000120a20000 	/Library/Java/JavaVirtualMachines/jdk1.8.0_161.jdk/Contents/Home/jre/lib/libjawt.dylib
0x000000000ad63000 	/System/Library/Frameworks/OpenGL.framework/Versions/A/Resources/GLEngine.bundle/GLEngine
0x000000000ad63000 	/System/Library/Frameworks/OpenGL.framework/Versions/A/Libraries/libGLProgrammability.dylib
0x0000000121c8c000 	/System/Library/Extensions/AppleIntelHD5000GraphicsGLDriver.bundle/Contents/MacOS/AppleIntelHD5000GraphicsGLDriver
0x000000000ad63000 	/System/Library/PrivateFrameworks/GPUSupport.framework/Versions/A/Libraries/libGPUSupportMercury.dylib
0x000000000ad63000 	/System/Library/Frameworks/OpenGL.framework/Versions/A/Resources/GLRendererFloat.bundle/GLRendererFloat
0x000000000ad63000 	/System/Library/Frameworks/OpenCL.framework/Versions/A/Libraries/libcldcpuengine.dylib
0x000000000ad63000 	/System/Library/PrivateFrameworks/ViewBridge.framework/Versions/A/ViewBridge

VM Arguments:
jvm_args: -Djava.library.path=/Users/markovitsgergo/CarRace/CarRace/gameEngine/lib/natives -Dfile.encoding=UTF-8 
java_command: engineTester.MainGameLoop
java_class_path (initial): /Library/Java/JavaVirtualMachines/jdk1.8.0_161.jdk/Contents/Home/jre/lib/resources.jar:/Library/Java/JavaVirtualMachines/jdk1.8.0_161.jdk/Contents/Home/jre/lib/rt.jar:/Library/Java/JavaVirtualMachines/jdk1.8.0_161.jdk/Contents/Home/jre/lib/jsse.jar:/Library/Java/JavaVirtualMachines/jdk1.8.0_161.jdk/Contents/Home/jre/lib/jce.jar:/Library/Java/JavaVirtualMachines/jdk1.8.0_161.jdk/Contents/Home/jre/lib/charsets.jar:/Library/Java/JavaVirtualMachines/jdk1.8.0_161.jdk/Contents/Home/jre/lib/jfr.jar:/Library/Java/JavaVirtualMachines/jdk1.8.0_161.jdk/Contents/Home/jre/lib/ext/sunec.jar:/Library/Java/JavaVirtualMachines/jdk1.8.0_161.jdk/Contents/Home/jre/lib/ext/nashorn.jar:/Library/Java/JavaVirtualMachines/jdk1.8.0_161.jdk/Contents/Home/jre/lib/ext/cldrdata.jar:/Library/Java/JavaVirtualMachines/jdk1.8.0_161.jdk/Contents/Home/jre/lib/ext/jfxrt.jar:/Library/Java/JavaVirtualMachines/jdk1.8.0_161.jdk/Contents/Home/jre/lib/ext/dnsns.jar:/Library/Java/JavaVirtualMachines/jdk1.8.0_161.jdk/Contents/Home/jre/lib/ext/localedata.jar:/Library/Java/JavaVirtualMachines/jdk1.8.0_161.jdk/Contents/Home/jre/lib/ext/sunjce_provider.jar:/Library/Java/JavaVirtualMachines/jdk1.8.0_161.jdk/Contents/Home/jre/lib/ext/sunpkcs11.jar:/Library/Java/JavaVirtualMachines/jdk1.8.0_161.jdk/Contents/Home/jre/lib/ext/jaccess.jar:/Library/Java/JavaVirtualMachines/jdk1.8.0_161.jdk/Contents/Home/jre/lib/ext/zipfs.jar:/System/Library/Java/Extensions/MRJToolkit.jar:/Users/markovitsgergo/CarRace/CarRace/gameEngine/bin:/Users/markovitsgergo/CarRace/CarRace/gameEngine/lib/jars/lwjgl_util.jar:/Users/markovitsgergo/CarRace/CarRace/gameEngine/lib/jars/lwjgl.jar:/Users/markovitsgergo/CarRace/CarRace/gameEngine/lib/jars/slick-util.jar
Launcher Type: SUN_STANDARD

Environment Variables:
PATH=/usr/bin:/bin:/usr/sbin:/sbin
SHELL=/bin/bash
DISPLAY=/private/tmp/com.apple.launchd.bZR5SbZ5sI/org.macosforge.xquartz:0

Signal Handlers:
SIGSEGV: [libjvm.dylib+0x5b5439], sa_mask[0]=11111111011111110111111111111111, sa_flags=SA_ONSTACK|SA_RESTART|SA_SIGINFO
SIGBUS: [libjvm.dylib+0x5b5439], sa_mask[0]=11111111011111110111111111111111, sa_flags=SA_RESTART|SA_SIGINFO
SIGFPE: [libjvm.dylib+0x48ae24], sa_mask[0]=11111111011111110111111111111111, sa_flags=SA_RESTART|SA_SIGINFO
SIGPIPE: [libjvm.dylib+0x48ae24], sa_mask[0]=11111111011111110111111111111111, sa_flags=SA_RESTART|SA_SIGINFO
SIGXFSZ: [libjvm.dylib+0x48ae24], sa_mask[0]=11111111011111110111111111111111, sa_flags=SA_RESTART|SA_SIGINFO
SIGILL: [libjvm.dylib+0x48ae24], sa_mask[0]=11111111011111110111111111111111, sa_flags=SA_RESTART|SA_SIGINFO
SIGUSR1: SIG_DFL, sa_mask[0]=00000000000000000000000000000000, sa_flags=none
SIGUSR2: [libjvm.dylib+0x48a942], sa_mask[0]=00100000000000000000000000000000, sa_flags=SA_RESTART|SA_SIGINFO
SIGHUP: [libjvm.dylib+0x488f0d], sa_mask[0]=11111111011111110111111111111111, sa_flags=SA_RESTART|SA_SIGINFO
SIGINT: [libjvm.dylib+0x488f0d], sa_mask[0]=11111111011111110111111111111111, sa_flags=SA_RESTART|SA_SIGINFO
SIGTERM: [libjvm.dylib+0x488f0d], sa_mask[0]=11111111011111110111111111111111, sa_flags=SA_RESTART|SA_SIGINFO
SIGQUIT: [libjvm.dylib+0x488f0d], sa_mask[0]=11111111011111110111111111111111, sa_flags=SA_RESTART|SA_SIGINFO


---------------  S Y S T E M  ---------------

OS:Bsduname:Darwin 17.5.0 Darwin Kernel Version 17.5.0: Fri Apr 13 19:32:32 PDT 2018; root:xnu-4570.51.2~1/RELEASE_X86_64 x86_64
rlimit: STACK 8192k, CORE 0k, NPROC 709, NOFILE 10240, AS infinity
load average:2.00 1.77 1.94

CPU:total 4 (initial active 4) (2 cores per cpu, 2 threads per core) family 6 model 69 stepping 1, cmov, cx8, fxsr, mmx, sse, sse2, sse3, ssse3, sse4.1, sse4.2, popcnt, avx, avx2, aes, clmul, erms, lzcnt, ht, tsc, tscinvbit, bmi1, bmi2

Memory: 4k page, physical 4194304k(17980k free)

/proc/meminfo:


vm_info: Java HotSpot(TM) 64-Bit Server VM (25.161-b12) for bsd-amd64 JRE (1.8.0_161-b12), built on Dec 19 2017 16:22:20 by "java_re" with gcc 4.2.1 (Based on Apple Inc. build 5658) (LLVM build 2336.11.00)

time: Fri May 25 09:30:46 2018
elapsed time: 1 seconds (0d 0h 0m 1s)

