#
# A fatal error has been detected by the Java Runtime Environment:
#
#  SIGSEGV (0xb) at pc=0x0000000000000000, pid=4100, tid=0x0000000000001a03
#
# JRE version: Java(TM) SE Runtime Environment (8.0_171-b11) (build 1.8.0_171-b11)
# Java VM: Java HotSpot(TM) 64-Bit Server VM (25.171-b11 mixed mode bsd-amd64 compressed oops)
# Problematic frame:
# C  0x0000000000000000
#
# Failed to write core dump. Core dumps have been disabled. To enable core dumping, try "ulimit -c unlimited" before starting Java again
#
# If you would like to submit a bug report, please visit:
#   http://bugreport.java.com/bugreport/crash.jsp
# The crash happened outside the Java Virtual Machine in native code.
# See problematic frame for where to report the bug.
#

---------------  T H R E A D  ---------------

Current thread (0x00007ff057002000):  JavaThread "main" [_thread_in_native, id=6659, stack(0x000070000c873000,0x000070000c973000)]

siginfo: si_signo: 11 (SIGSEGV), si_code: 1 (SEGV_MAPERR), si_addr: 0x0000000000000000

Registers:
RAX=0x0000000129978150, RBX=0x0000000124eb1398, RCX=0x000000010c1b8360, RDX=0x0000000000000001
RSP=0x000070000c9725b8, RBP=0x000070000c9725d0, RSI=0x000070000c9725cc, RDI=0x0000000000000001
R8 =0x0000000000000000, R9 =0x0000000000000ad7, R10=0x000000010c95663b, R11=0x000000010be778f7
R12=0x0000000000000000, R13=0x0000000124eb1398, R14=0x000070000c972650, R15=0x00007ff057002000
RIP=0x0000000000000000, EFLAGS=0x0000000000010206, ERR=0x0000000000000014
  TRAPNO=0x000000000000000e

Top of Stack: (sp=0x000070000c9725b8)
0x000070000c9725b8:   0000000129978164 000070000c972630
0x000070000c9725c8:   000000010c9564e3 000070000c972630
0x000070000c9725d8:   000000010c956667 000070000c972628
0x000070000c9725e8:   000000010c956382 000070000c9725f0
0x000070000c9725f8:   0000000124eb1398 000070000c972650
0x000070000c972608:   0000000124eb40a8 0000000000000000
0x000070000c972618:   0000000124eb1398 0000000000000000
0x000070000c972628:   000070000c972650 000070000c972698
0x000070000c972638:   000000010c945d00 000000076b354228
0x000070000c972648:   000000010c94fd16 0000000000000001
0x000070000c972658:   000070000c972658 0000000124eb12f1
0x000070000c972668:   000070000c9726a8 0000000124eb40a8
0x000070000c972678:   0000000000000000 0000000124eb1310
0x000070000c972688:   000070000c972650 000070000c9726b0
0x000070000c972698:   000070000c9726f8 000000010c945d00
0x000070000c9726a8:   0000000000000000 000000076b348d98
0x000070000c9726b8:   000070000c9726b8 0000000124ead755
0x000070000c9726c8:   000070000c972708 0000000124eadc50
0x000070000c9726d8:   0000000000000000 0000000124ead780
0x000070000c9726e8:   000070000c9726b0 000070000c972708
0x000070000c9726f8:   000070000c972760 000000010c9462bd
0x000070000c972708:   000000076b348d98 000000076b348d98
0x000070000c972718:   000000076b3467b0 000070000c972720
0x000070000c972728:   0000000124eacfa9 000070000c972788
0x000070000c972738:   0000000124ead200 0000000000000000
0x000070000c972748:   0000000124ead010 000070000c972708
0x000070000c972758:   000070000c972778 000070000c9727e0
0x000070000c972768:   000000010c9462bd 0000000000000000
0x000070000c972778:   000000076b3467c8 000070003f000000
0x000070000c972788:   000000076b3467b0 000000076b3467b0
0x000070000c972798:   000000076b33a630 000070000c9727a0
0x000070000c9727a8:   0000000124ea83df 000070000c972840 

Instructions: (pc=0x0000000000000000)
0xffffffffffffffe0:   

Register to memory mapping:

RAX=0x0000000129978150: Java_org_lwjgl_openal_AL10_nalGenSources2+0 in /Users/markovitsgergo/Documents/GitHub/CarRace/gameEngine/lib/natives/liblwjgl.jnilib at 0x0000000129975000
RBX={method} {0x0000000124eb1398} 'nalGenSources2' '(I)I' in 'org/lwjgl/openal/AL10'
RCX=0x000000010c1b8360: UseMembar+0 in /Library/Java/JavaVirtualMachines/jdk1.8.0_171.jdk/Contents/Home/jre/lib/server/libjvm.dylib at 0x000000010b990000
RDX=0x0000000000000001 is an unknown value
RSP=0x000070000c9725b8 is pointing into the stack for thread: 0x00007ff057002000
RBP=0x000070000c9725d0 is pointing into the stack for thread: 0x00007ff057002000
RSI=0x000070000c9725cc is pointing into the stack for thread: 0x00007ff057002000
RDI=0x0000000000000001 is an unknown value
R8 =0x0000000000000000 is an unknown value
R9 =0x0000000000000ad7 is an unknown value
R10=0x000000010c95663b is at code_begin+859 in an Interpreter codelet
method entry point (kind = native)  [0x000000010c9562e0, 0x000000010c956c40]  2400 bytes
R11=0x000000010be778f7: throw_unsatisfied_link_error+0 in /Library/Java/JavaVirtualMachines/jdk1.8.0_171.jdk/Contents/Home/jre/lib/server/libjvm.dylib at 0x000000010b990000
R12=0x0000000000000000 is an unknown value
R13={method} {0x0000000124eb1398} 'nalGenSources2' '(I)I' in 'org/lwjgl/openal/AL10'
R14=0x000070000c972650 is pointing into the stack for thread: 0x00007ff057002000
R15=0x00007ff057002000 is a thread


Stack: [0x000070000c873000,0x000070000c973000],  sp=0x000070000c9725b8,  free space=1021k
Java frames: (J=compiled Java code, j=interpreted, Vv=VM code)
j  org.lwjgl.openal.AL10.nalGenSources2(I)I+0
j  org.lwjgl.openal.AL10.alGenSources()I+1
j  audio.Source.<init>()V+5
j  audio.AudioCar.<init>(FLjava/lang/String;)V+9
j  cars.Challenger.<init>(LrenderEngine/Loader;)V+47
j  gameMaster.GameMain.MultiPlayer()V+78
j  gameMaster.GameMain.main([Ljava/lang/String;)V+42
v  ~StubRoutines::call_stub

---------------  P R O C E S S  ---------------

Java Threads: ( => current thread )
  0x00007ff054875800 JavaThread "AWT-Shutdown" [_thread_blocked, id=37675, stack(0x000070000dbac000,0x000070000dcac000)]
  0x00007ff05500b800 JavaThread "AppKit Thread" daemon [_thread_in_native, id=775, stack(0x00007ffee5711000,0x00007ffee5f11000)]
  0x00007ff05680e800 JavaThread "Service Thread" daemon [_thread_blocked, id=15619, stack(0x000070000d9a6000,0x000070000daa6000)]
  0x00007ff057806800 JavaThread "C1 CompilerThread3" daemon [_thread_blocked, id=15107, stack(0x000070000d8a3000,0x000070000d9a3000)]
  0x00007ff057806000 JavaThread "C2 CompilerThread2" daemon [_thread_blocked, id=16387, stack(0x000070000d7a0000,0x000070000d8a0000)]
  0x00007ff057805000 JavaThread "C2 CompilerThread1" daemon [_thread_blocked, id=14595, stack(0x000070000d69d000,0x000070000d79d000)]
  0x00007ff057802800 JavaThread "C2 CompilerThread0" daemon [_thread_blocked, id=14339, stack(0x000070000d59a000,0x000070000d69a000)]
  0x00007ff054819800 JavaThread "Signal Dispatcher" daemon [_thread_blocked, id=14091, stack(0x000070000d497000,0x000070000d597000)]
  0x00007ff057066800 JavaThread "Finalizer" daemon [_thread_blocked, id=19203, stack(0x000070000d394000,0x000070000d494000)]
  0x00007ff057064000 JavaThread "Reference Handler" daemon [_thread_blocked, id=12291, stack(0x000070000d291000,0x000070000d391000)]
=>0x00007ff057002000 JavaThread "main" [_thread_in_native, id=6659, stack(0x000070000c873000,0x000070000c973000)]

Other Threads:
  0x00007ff05705f800 VMThread [stack: 0x000070000d18e000,0x000070000d28e000] [id=19715]
  0x00007ff058027000 WatcherThread [stack: 0x000070000daa9000,0x000070000dba9000] [id=15875]

VM state:not at safepoint (normal execution)

VM Mutex/Monitor currently owned by a thread: None

Heap:
 PSYoungGen      total 76288K, used 9175K [0x000000076ab00000, 0x0000000770000000, 0x00000007c0000000)
  eden space 65536K, 14% used [0x000000076ab00000,0x000000076b3f5dc0,0x000000076eb00000)
  from space 10752K, 0% used [0x000000076f580000,0x000000076f580000,0x0000000770000000)
  to   space 10752K, 0% used [0x000000076eb00000,0x000000076eb00000,0x000000076f580000)
 ParOldGen       total 175104K, used 0K [0x00000006c0000000, 0x00000006cab00000, 0x000000076ab00000)
  object space 175104K, 0% used [0x00000006c0000000,0x00000006c0000000,0x00000006cab00000)
 Metaspace       used 6165K, capacity 6301K, committed 6656K, reserved 1056768K
  class space    used 619K, capacity 665K, committed 768K, reserved 1048576K

Card table byte_map: [0x000000011b93e000,0x000000011c13f000] byte_map_base: 0x000000011833e000

Marking Bits: (ParMarkBitMap*) 0x000000010c2876e0
 Begin Bits: [0x000000011c13f000, 0x000000012013f000)
 End Bits:   [0x000000012013f000, 0x000000012413f000)

Polling page: 0x0000000109d74000

CodeCache: size=245760Kb used=1973Kb max_used=1973Kb free=243786Kb
 bounds [0x000000010c93e000, 0x000000010cbae000, 0x000000011b93e000]
 total_blobs=783 nmethods=413 adapters=284
 compilation: enabled

Compilation events (10 events):
Event: 7.086 Thread 0x00007ff057806800  407       3       sun.misc.PerfCounter::addElapsedTimeFrom (10 bytes)
Event: 7.087 Thread 0x00007ff057806800 nmethod 407 0x000000010cb28a50 code [0x000000010cb28c00, 0x000000010cb29338]
Event: 7.088 Thread 0x00007ff057806800  409       3       java.lang.StringCoding::access$000 (6 bytes)
Event: 7.088 Thread 0x00007ff057806800 nmethod 409 0x000000010cb29690 code [0x000000010cb29800, 0x000000010cb299b0]
Event: 7.088 Thread 0x00007ff057806800  410       3       java.lang.StringCoding::scale (7 bytes)
Event: 7.088 Thread 0x00007ff057806800 nmethod 410 0x000000010cb29a50 code [0x000000010cb29bc0, 0x000000010cb29d30]
Event: 7.088 Thread 0x00007ff057806800  411       3       java.lang.String::concat (47 bytes)
Event: 7.088 Thread 0x00007ff057806800 nmethod 411 0x000000010cb29f90 code [0x000000010cb2a160, 0x000000010cb2a918]
Event: 7.088 Thread 0x00007ff057806800  412       3       java.lang.String::getChars (16 bytes)
Event: 7.089 Thread 0x00007ff057806800 nmethod 412 0x000000010cb2b010 code [0x000000010cb2b180, 0x000000010cb2b388]

GC Heap History (0 events):
No events

Deoptimization events (1 events):
Event: 7.074 Thread 0x00007ff057002000 Uncommon trap: reason=unstable_if action=reinterpret pc=0x000000010cade040 method=java.lang.String.replace(CC)Ljava/lang/String; @ 26

Classes redefined (0 events):
No events

Internal exceptions (10 events):
Event: 0.024 Thread 0x00007ff057002000 Exception <a 'java/lang/NoSuchMethodError': Method sun.misc.Unsafe.prefetchRead(Ljava/lang/Object;J)V name or signature does not match> (0x000000076ab07f98) thrown at [/Users/java_re/workspace/8-2-build-macosx-x86_64/jdk8u171/10807/hotspot/src/share/vm/pr
Event: 0.096 Thread 0x00007ff057002000 Exception <a 'java/security/PrivilegedActionException'> (0x000000076adb2110) thrown at [/Users/java_re/workspace/8-2-build-macosx-x86_64/jdk8u171/10807/hotspot/src/share/vm/prims/jvm.cpp, line 1435]
Event: 0.096 Thread 0x00007ff057002000 Exception <a 'java/security/PrivilegedActionException'> (0x000000076adb2320) thrown at [/Users/java_re/workspace/8-2-build-macosx-x86_64/jdk8u171/10807/hotspot/src/share/vm/prims/jvm.cpp, line 1435]
Event: 0.096 Thread 0x00007ff057002000 Exception <a 'java/security/PrivilegedActionException'> (0x000000076adb5838) thrown at [/Users/java_re/workspace/8-2-build-macosx-x86_64/jdk8u171/10807/hotspot/src/share/vm/prims/jvm.cpp, line 1435]
Event: 0.096 Thread 0x00007ff057002000 Exception <a 'java/security/PrivilegedActionException'> (0x000000076adb5a48) thrown at [/Users/java_re/workspace/8-2-build-macosx-x86_64/jdk8u171/10807/hotspot/src/share/vm/prims/jvm.cpp, line 1435]
Event: 0.130 Thread 0x00007ff057002000 Exception <a 'java/lang/NoSuchFieldError': method resolution failed> (0x000000076ae8f570) thrown at [/Users/java_re/workspace/8-2-build-macosx-x86_64/jdk8u171/10807/hotspot/src/share/vm/prims/methodHandles.cpp, line 1167]
Event: 0.131 Thread 0x00007ff057002000 Exception <a 'java/lang/NoSuchFieldError': method resolution failed> (0x000000076ae9ccc0) thrown at [/Users/java_re/workspace/8-2-build-macosx-x86_64/jdk8u171/10807/hotspot/src/share/vm/prims/methodHandles.cpp, line 1167]
Event: 6.871 Thread 0x00007ff057002000 Exception <a 'java/io/FileNotFoundException'> (0x000000076af177e8) thrown at [/Users/java_re/workspace/8-2-build-macosx-x86_64/jdk8u171/10807/hotspot/src/share/vm/prims/jni.cpp, line 709]
Event: 6.871 Thread 0x00007ff057002000 Exception <a 'java/io/FileNotFoundException'> (0x000000076af18390) thrown at [/Users/java_re/workspace/8-2-build-macosx-x86_64/jdk8u171/10807/hotspot/src/share/vm/prims/jni.cpp, line 709]
Event: 6.878 Thread 0x00007ff057002000 Exception <a 'java/lang/UnsatisfiedLinkError'> (0x000000076af278b8) thrown at [/Users/java_re/workspace/8-2-build-macosx-x86_64/jdk8u171/10807/hotspot/src/share/vm/prims/jvm.cpp, line 1439]

Events (10 events):
Event: 7.087 loading class cars/CarKinematics
Event: 7.087 loading class cars/CarKinematics done
Event: 7.088 loading class toolbox/Maths
Event: 7.088 loading class toolbox/Maths done
Event: 7.088 loading class audio/AudioCar
Event: 7.088 loading class audio/AudioCar done
Event: 7.088 loading class audio/Source
Event: 7.088 loading class audio/Source done
Event: 7.088 loading class org/lwjgl/openal/AL10
Event: 7.088 loading class org/lwjgl/openal/AL10 done


Dynamic libraries:
0x00000000056d2000 	/System/Library/Frameworks/Cocoa.framework/Versions/A/Cocoa
0x00000000056d2000 	/System/Library/Frameworks/Security.framework/Versions/A/Security
0x00000000056d2000 	/System/Library/Frameworks/ApplicationServices.framework/Versions/A/ApplicationServices
0x00000000056d2000 	/usr/lib/libz.1.dylib
0x00000000056d2000 	/usr/lib/libSystem.B.dylib
0x00000000056d2000 	/usr/lib/libobjc.A.dylib
0x00000000056d2000 	/System/Library/Frameworks/CoreFoundation.framework/Versions/A/CoreFoundation
0x00000000056d2000 	/System/Library/Frameworks/Foundation.framework/Versions/C/Foundation
0x00000000056d2000 	/System/Library/Frameworks/AppKit.framework/Versions/C/AppKit
0x00000000056d2000 	/System/Library/Frameworks/CoreData.framework/Versions/A/CoreData
0x00000000056d2000 	/System/Library/PrivateFrameworks/RemoteViewServices.framework/Versions/A/RemoteViewServices
0x00000000056d2000 	/System/Library/PrivateFrameworks/UIFoundation.framework/Versions/A/UIFoundation
0x00000000056d2000 	/System/Library/PrivateFrameworks/DFRFoundation.framework/Versions/A/DFRFoundation
0x00000000056d2000 	/System/Library/Frameworks/Metal.framework/Versions/A/Metal
0x00000000056d2000 	/System/Library/PrivateFrameworks/DesktopServicesPriv.framework/Versions/A/DesktopServicesPriv
0x00000000056d2000 	/usr/lib/libenergytrace.dylib
0x00000000056d2000 	/System/Library/PrivateFrameworks/SkyLight.framework/Versions/A/SkyLight
0x00000000056d2000 	/System/Library/Frameworks/CoreGraphics.framework/Versions/A/CoreGraphics
0x00000000056d2000 	/usr/lib/libScreenReader.dylib
0x00000000056d2000 	/System/Library/Frameworks/Accelerate.framework/Versions/A/Accelerate
0x00000000056d2000 	/System/Library/Frameworks/IOSurface.framework/Versions/A/IOSurface
0x00000000056d2000 	/System/Library/Frameworks/AudioToolbox.framework/Versions/A/AudioToolbox
0x00000000056d2000 	/System/Library/Frameworks/AudioUnit.framework/Versions/A/AudioUnit
0x00000000056d2000 	/System/Library/PrivateFrameworks/DataDetectorsCore.framework/Versions/A/DataDetectorsCore
0x00000000056d2000 	/System/Library/Frameworks/Carbon.framework/Versions/A/Frameworks/HIToolbox.framework/Versions/A/HIToolbox
0x00000000056d2000 	/usr/lib/libicucore.A.dylib
0x00000000056d2000 	/System/Library/Frameworks/QuartzCore.framework/Versions/A/QuartzCore
0x00000000056d2000 	/System/Library/PrivateFrameworks/SignpostNotification.framework/Versions/A/SignpostNotification
0x00000000056d2000 	/System/Library/Frameworks/Carbon.framework/Versions/A/Frameworks/SpeechRecognition.framework/Versions/A/SpeechRecognition
0x00000000056d2000 	/usr/lib/libauto.dylib
0x00000000056d2000 	/usr/lib/libxml2.2.dylib
0x00000000056d2000 	/System/Library/PrivateFrameworks/CoreUI.framework/Versions/A/CoreUI
0x00000000056d2000 	/System/Library/Frameworks/CoreAudio.framework/Versions/A/CoreAudio
0x00000000056d2000 	/System/Library/Frameworks/DiskArbitration.framework/Versions/A/DiskArbitration
0x00000000056d2000 	/usr/lib/liblangid.dylib
0x00000000056d2000 	/System/Library/PrivateFrameworks/MultitouchSupport.framework/Versions/A/MultitouchSupport
0x00000000056d2000 	/System/Library/Frameworks/IOKit.framework/Versions/A/IOKit
0x00000000056d2000 	/usr/lib/libDiagnosticMessagesClient.dylib
0x00000000056d2000 	/System/Library/Frameworks/CoreServices.framework/Versions/A/CoreServices
0x00000000056d2000 	/System/Library/PrivateFrameworks/PerformanceAnalysis.framework/Versions/A/PerformanceAnalysis
0x00000000056d2000 	/System/Library/Frameworks/OpenGL.framework/Versions/A/OpenGL
0x00000000056d2000 	/System/Library/Frameworks/ColorSync.framework/Versions/A/ColorSync
0x00000000056d2000 	/System/Library/Frameworks/CoreImage.framework/Versions/A/CoreImage
0x00000000056d2000 	/System/Library/Frameworks/CoreText.framework/Versions/A/CoreText
0x00000000056d2000 	/System/Library/Frameworks/ImageIO.framework/Versions/A/ImageIO
0x00000000056d2000 	/System/Library/PrivateFrameworks/Backup.framework/Versions/A/Backup
0x00000000056d2000 	/usr/lib/libarchive.2.dylib
0x00000000056d2000 	/System/Library/Frameworks/CFNetwork.framework/Versions/A/CFNetwork
0x00000000056d2000 	/System/Library/Frameworks/SystemConfiguration.framework/Versions/A/SystemConfiguration
0x00000000056d2000 	/usr/lib/libCRFSuite.dylib
0x00000000056d2000 	/usr/lib/libc++.1.dylib
0x00000000056d2000 	/usr/lib/libc++abi.dylib
0x00000000056d2000 	/usr/lib/system/libcache.dylib
0x00000000056d2000 	/usr/lib/system/libcommonCrypto.dylib
0x00000000056d2000 	/usr/lib/system/libcompiler_rt.dylib
0x00000000056d2000 	/usr/lib/system/libcopyfile.dylib
0x00000000056d2000 	/usr/lib/system/libcorecrypto.dylib
0x00000000056d2000 	/usr/lib/system/libdispatch.dylib
0x00000000056d2000 	/usr/lib/system/libdyld.dylib
0x00000000056d2000 	/usr/lib/system/libkeymgr.dylib
0x00000000056d2000 	/usr/lib/system/liblaunch.dylib
0x00000000056d2000 	/usr/lib/system/libmacho.dylib
0x00000000056d2000 	/usr/lib/system/libquarantine.dylib
0x00000000056d2000 	/usr/lib/system/libremovefile.dylib
0x00000000056d2000 	/usr/lib/system/libsystem_asl.dylib
0x00000000056d2000 	/usr/lib/system/libsystem_blocks.dylib
0x00000000056d2000 	/usr/lib/system/libsystem_c.dylib
0x00000000056d2000 	/usr/lib/system/libsystem_configuration.dylib
0x00000000056d2000 	/usr/lib/system/libsystem_coreservices.dylib
0x00000000056d2000 	/usr/lib/system/libsystem_darwin.dylib
0x00000000056d2000 	/usr/lib/system/libsystem_dnssd.dylib
0x00000000056d2000 	/usr/lib/system/libsystem_info.dylib
0x00000000056d2000 	/usr/lib/system/libsystem_m.dylib
0x00000000056d2000 	/usr/lib/system/libsystem_malloc.dylib
0x00000000056d2000 	/usr/lib/system/libsystem_network.dylib
0x00000000056d2000 	/usr/lib/system/libsystem_networkextension.dylib
0x00000000056d2000 	/usr/lib/system/libsystem_notify.dylib
0x00000000056d2000 	/usr/lib/system/libsystem_sandbox.dylib
0x00000000056d2000 	/usr/lib/system/libsystem_secinit.dylib
0x00000000056d2000 	/usr/lib/system/libsystem_kernel.dylib
0x00000000056d2000 	/usr/lib/system/libsystem_platform.dylib
0x00000000056d2000 	/usr/lib/system/libsystem_pthread.dylib
0x00000000056d2000 	/usr/lib/system/libsystem_symptoms.dylib
0x00000000056d2000 	/usr/lib/system/libsystem_trace.dylib
0x00000000056d2000 	/usr/lib/system/libunwind.dylib
0x00000000056d2000 	/usr/lib/system/libxpc.dylib
0x00000000056d2000 	/usr/lib/closure/libclosured.dylib
0x00000000056d2000 	/usr/lib/libbsm.0.dylib
0x00000000056d2000 	/usr/lib/system/libkxld.dylib
0x00000000056d2000 	/usr/lib/libOpenScriptingUtil.dylib
0x00000000056d2000 	/usr/lib/libcoretls.dylib
0x00000000056d2000 	/usr/lib/libcoretls_cfhelpers.dylib
0x00000000056d2000 	/usr/lib/libpam.2.dylib
0x00000000056d2000 	/usr/lib/libsqlite3.dylib
0x00000000056d2000 	/usr/lib/libxar.1.dylib
0x00000000056d2000 	/usr/lib/libbz2.1.0.dylib
0x00000000056d2000 	/usr/lib/liblzma.5.dylib
0x00000000056d2000 	/usr/lib/libnetwork.dylib
0x00000000056d2000 	/usr/lib/libapple_nghttp2.dylib
0x00000000056d2000 	/usr/lib/libpcap.A.dylib
0x00000000056d2000 	/usr/lib/libboringssl.dylib
0x00000000056d2000 	/usr/lib/libusrtcp.dylib
0x00000000056d2000 	/usr/lib/libapple_crypto.dylib
0x00000000056d2000 	/System/Library/Frameworks/CoreServices.framework/Versions/A/Frameworks/FSEvents.framework/Versions/A/FSEvents
0x00000000056d2000 	/System/Library/Frameworks/CoreServices.framework/Versions/A/Frameworks/CarbonCore.framework/Versions/A/CarbonCore
0x00000000056d2000 	/System/Library/Frameworks/CoreServices.framework/Versions/A/Frameworks/Metadata.framework/Versions/A/Metadata
0x00000000056d2000 	/System/Library/Frameworks/CoreServices.framework/Versions/A/Frameworks/OSServices.framework/Versions/A/OSServices
0x00000000056d2000 	/System/Library/Frameworks/CoreServices.framework/Versions/A/Frameworks/SearchKit.framework/Versions/A/SearchKit
0x00000000056d2000 	/System/Library/Frameworks/CoreServices.framework/Versions/A/Frameworks/AE.framework/Versions/A/AE
0x00000000056d2000 	/System/Library/Frameworks/CoreServices.framework/Versions/A/Frameworks/LaunchServices.framework/Versions/A/LaunchServices
0x00000000056d2000 	/System/Library/Frameworks/CoreServices.framework/Versions/A/Frameworks/DictionaryServices.framework/Versions/A/DictionaryServices
0x00000000056d2000 	/System/Library/Frameworks/CoreServices.framework/Versions/A/Frameworks/SharedFileList.framework/Versions/A/SharedFileList
0x00000000056d2000 	/System/Library/Frameworks/NetFS.framework/Versions/A/NetFS
0x00000000056d2000 	/System/Library/PrivateFrameworks/NetAuth.framework/Versions/A/NetAuth
0x00000000056d2000 	/System/Library/PrivateFrameworks/login.framework/Versions/A/Frameworks/loginsupport.framework/Versions/A/loginsupport
0x00000000056d2000 	/System/Library/PrivateFrameworks/TCC.framework/Versions/A/TCC
0x00000000056d2000 	/usr/lib/libmecabra.dylib
0x00000000056d2000 	/System/Library/Frameworks/ApplicationServices.framework/Versions/A/Frameworks/ATS.framework/Versions/A/ATS
0x00000000056d2000 	/System/Library/Frameworks/ApplicationServices.framework/Versions/A/Frameworks/ColorSyncLegacy.framework/Versions/A/ColorSyncLegacy
0x00000000056d2000 	/System/Library/Frameworks/ApplicationServices.framework/Versions/A/Frameworks/HIServices.framework/Versions/A/HIServices
0x00000000056d2000 	/System/Library/Frameworks/ApplicationServices.framework/Versions/A/Frameworks/LangAnalysis.framework/Versions/A/LangAnalysis
0x00000000056d2000 	/System/Library/Frameworks/ApplicationServices.framework/Versions/A/Frameworks/PrintCore.framework/Versions/A/PrintCore
0x00000000056d2000 	/System/Library/Frameworks/ApplicationServices.framework/Versions/A/Frameworks/QD.framework/Versions/A/QD
0x00000000056d2000 	/System/Library/Frameworks/ApplicationServices.framework/Versions/A/Frameworks/SpeechSynthesis.framework/Versions/A/SpeechSynthesis
0x00000000056d2000 	/System/Library/Frameworks/CoreDisplay.framework/Versions/A/CoreDisplay
0x00000000056d2000 	/System/Library/Frameworks/Accelerate.framework/Versions/A/Frameworks/vImage.framework/Versions/A/vImage
0x00000000056d2000 	/System/Library/Frameworks/Accelerate.framework/Versions/A/Frameworks/vecLib.framework/Versions/A/vecLib
0x00000000056d2000 	/System/Library/Frameworks/Accelerate.framework/Versions/A/Frameworks/vecLib.framework/Versions/A/libvDSP.dylib
0x00000000056d2000 	/System/Library/Frameworks/Accelerate.framework/Versions/A/Frameworks/vecLib.framework/Versions/A/libBNNS.dylib
0x00000000056d2000 	/System/Library/Frameworks/Accelerate.framework/Versions/A/Frameworks/vecLib.framework/Versions/A/libQuadrature.dylib
0x00000000056d2000 	/System/Library/Frameworks/Accelerate.framework/Versions/A/Frameworks/vecLib.framework/Versions/A/libvMisc.dylib
0x00000000056d2000 	/System/Library/Frameworks/Accelerate.framework/Versions/A/Frameworks/vecLib.framework/Versions/A/libLAPACK.dylib
0x00000000056d2000 	/System/Library/Frameworks/Accelerate.framework/Versions/A/Frameworks/vecLib.framework/Versions/A/libBLAS.dylib
0x00000000056d2000 	/System/Library/Frameworks/Accelerate.framework/Versions/A/Frameworks/vecLib.framework/Versions/A/libLinearAlgebra.dylib
0x00000000056d2000 	/System/Library/Frameworks/Accelerate.framework/Versions/A/Frameworks/vecLib.framework/Versions/A/libSparse.dylib
0x00000000056d2000 	/System/Library/Frameworks/Accelerate.framework/Versions/A/Frameworks/vecLib.framework/Versions/A/libSparseBLAS.dylib
0x00000000056d2000 	/System/Library/PrivateFrameworks/GPUWrangler.framework/Versions/A/GPUWrangler
0x00000000056d2000 	/System/Library/PrivateFrameworks/IOAccelerator.framework/Versions/A/IOAccelerator
0x00000000056d2000 	/System/Library/PrivateFrameworks/IOPresentment.framework/Versions/A/IOPresentment
0x00000000056d2000 	/System/Library/PrivateFrameworks/DSExternalDisplay.framework/Versions/A/DSExternalDisplay
0x00000000056d2000 	/System/Library/Frameworks/OpenGL.framework/Versions/A/Libraries/libCoreFSCache.dylib
0x00000000056d2000 	/System/Library/Frameworks/CoreVideo.framework/Versions/A/CoreVideo
0x00000000056d2000 	/System/Library/PrivateFrameworks/GraphVisualizer.framework/Versions/A/GraphVisualizer
0x00000000056d2000 	/System/Library/Frameworks/MetalPerformanceShaders.framework/Versions/A/MetalPerformanceShaders
0x00000000056d2000 	/usr/lib/libFosl_dynamic.dylib
0x00000000056d2000 	/System/Library/PrivateFrameworks/FaceCore.framework/Versions/A/FaceCore
0x00000000056d2000 	/System/Library/Frameworks/OpenCL.framework/Versions/A/OpenCL
0x00000000056d2000 	/usr/lib/libcompression.dylib
0x00000000056d2000 	/System/Library/Frameworks/ApplicationServices.framework/Versions/A/Frameworks/ATS.framework/Versions/A/Resources/libFontParser.dylib
0x00000000056d2000 	/System/Library/Frameworks/ApplicationServices.framework/Versions/A/Frameworks/ATS.framework/Versions/A/Resources/libFontRegistry.dylib
0x00000000056d2000 	/System/Library/Frameworks/ImageIO.framework/Versions/A/Resources/libJPEG.dylib
0x00000000056d2000 	/System/Library/Frameworks/ImageIO.framework/Versions/A/Resources/libTIFF.dylib
0x00000000056d2000 	/System/Library/Frameworks/ImageIO.framework/Versions/A/Resources/libPng.dylib
0x00000000056d2000 	/System/Library/Frameworks/ImageIO.framework/Versions/A/Resources/libGIF.dylib
0x00000000056d2000 	/System/Library/Frameworks/ImageIO.framework/Versions/A/Resources/libJP2.dylib
0x00000000056d2000 	/System/Library/Frameworks/ImageIO.framework/Versions/A/Resources/libRadiance.dylib
0x00000000056d2000 	/System/Library/PrivateFrameworks/AppleJPEG.framework/Versions/A/AppleJPEG
0x00000000056d2000 	/System/Library/Frameworks/MetalPerformanceShaders.framework/Frameworks/MPSCore.framework/Versions/A/MPSCore
0x00000000056d2000 	/System/Library/Frameworks/MetalPerformanceShaders.framework/Frameworks/MPSImage.framework/Versions/A/MPSImage
0x00000000056d2000 	/System/Library/Frameworks/MetalPerformanceShaders.framework/Frameworks/MPSNeuralNetwork.framework/Versions/A/MPSNeuralNetwork
0x00000000056d2000 	/System/Library/Frameworks/MetalPerformanceShaders.framework/Frameworks/MPSMatrix.framework/Versions/A/MPSMatrix
0x00000000056d2000 	/System/Library/PrivateFrameworks/MetalTools.framework/Versions/A/MetalTools
0x00000000056d2000 	/System/Library/Frameworks/OpenGL.framework/Versions/A/Libraries/libGLU.dylib
0x00000000056d2000 	/System/Library/Frameworks/OpenGL.framework/Versions/A/Libraries/libGFXShared.dylib
0x00000000056d2000 	/System/Library/Frameworks/OpenGL.framework/Versions/A/Libraries/libGL.dylib
0x00000000056d2000 	/System/Library/Frameworks/OpenGL.framework/Versions/A/Libraries/libGLImage.dylib
0x00000000056d2000 	/System/Library/Frameworks/OpenGL.framework/Versions/A/Libraries/libCVMSPluginSupport.dylib
0x00000000056d2000 	/System/Library/Frameworks/OpenGL.framework/Versions/A/Libraries/libCoreVMClient.dylib
0x00000000056d2000 	/usr/lib/libcups.2.dylib
0x00000000056d2000 	/System/Library/Frameworks/Kerberos.framework/Versions/A/Kerberos
0x00000000056d2000 	/System/Library/Frameworks/GSS.framework/Versions/A/GSS
0x00000000056d2000 	/usr/lib/libresolv.9.dylib
0x00000000056d2000 	/usr/lib/libiconv.2.dylib
0x00000000056d2000 	/System/Library/PrivateFrameworks/Heimdal.framework/Versions/A/Heimdal
0x00000000056d2000 	/usr/lib/libheimdal-asn1.dylib
0x00000000056d2000 	/System/Library/Frameworks/OpenDirectory.framework/Versions/A/OpenDirectory
0x00000000056d2000 	/System/Library/PrivateFrameworks/CommonAuth.framework/Versions/A/CommonAuth
0x00000000056d2000 	/System/Library/Frameworks/OpenDirectory.framework/Versions/A/Frameworks/CFOpenDirectory.framework/Versions/A/CFOpenDirectory
0x00000000056d2000 	/System/Library/Frameworks/SecurityFoundation.framework/Versions/A/SecurityFoundation
0x00000000056d2000 	/System/Library/PrivateFrameworks/APFS.framework/Versions/A/APFS
0x00000000056d2000 	/usr/lib/libutil.dylib
0x00000000056d2000 	/System/Library/PrivateFrameworks/AppleSauce.framework/Versions/A/AppleSauce
0x00000000056d2000 	/System/Library/PrivateFrameworks/LinguisticData.framework/Versions/A/LinguisticData
0x00000000056d2000 	/usr/lib/libmarisa.dylib
0x00000000056d2000 	/System/Library/PrivateFrameworks/Lexicon.framework/Versions/A/Lexicon
0x00000000056d2000 	/usr/lib/libChineseTokenizer.dylib
0x00000000056d2000 	/usr/lib/libcmph.dylib
0x00000000056d2000 	/System/Library/PrivateFrameworks/LanguageModeling.framework/Versions/A/LanguageModeling
0x00000000056d2000 	/System/Library/PrivateFrameworks/CoreEmoji.framework/Versions/A/CoreEmoji
0x00000000056d2000 	/System/Library/Frameworks/ServiceManagement.framework/Versions/A/ServiceManagement
0x00000000056d2000 	/System/Library/PrivateFrameworks/BackgroundTaskManagement.framework/Versions/A/BackgroundTaskManagement
0x00000000056d2000 	/usr/lib/libxslt.1.dylib
0x00000000056d2000 	/System/Library/Frameworks/Carbon.framework/Versions/A/Frameworks/Ink.framework/Versions/A/Ink
0x00000000056d2000 	/System/Library/PrivateFrameworks/TextureIO.framework/Versions/A/TextureIO
0x00000000056d2000 	/usr/lib/libate.dylib
0x00000000056d2000 	/System/Library/PrivateFrameworks/CrashReporterSupport.framework/Versions/A/CrashReporterSupport
0x00000000056d2000 	/System/Library/PrivateFrameworks/Sharing.framework/Versions/A/Sharing
0x00000000056d2000 	/System/Library/PrivateFrameworks/IconServices.framework/Versions/A/IconServices
0x00000000056d2000 	/System/Library/PrivateFrameworks/Apple80211.framework/Versions/A/Apple80211
0x00000000056d2000 	/System/Library/PrivateFrameworks/CoreUtils.framework/Versions/A/CoreUtils
0x00000000056d2000 	/System/Library/Frameworks/CoreWLAN.framework/Versions/A/CoreWLAN
0x00000000056d2000 	/System/Library/Frameworks/IOBluetooth.framework/Versions/A/IOBluetooth
0x00000000056d2000 	/System/Library/PrivateFrameworks/ProtocolBuffer.framework/Versions/A/ProtocolBuffer
0x00000000056d2000 	/System/Library/PrivateFrameworks/CoreWiFi.framework/Versions/A/CoreWiFi
0x00000000056d2000 	/System/Library/Frameworks/CoreBluetooth.framework/Versions/A/CoreBluetooth
0x00000000056d2000 	/System/Library/PrivateFrameworks/DebugSymbols.framework/Versions/A/DebugSymbols
0x00000000056d2000 	/System/Library/PrivateFrameworks/CoreSymbolication.framework/Versions/A/CoreSymbolication
0x00000000056d2000 	/System/Library/PrivateFrameworks/Symbolication.framework/Versions/A/Symbolication
0x00000000056d2000 	/System/Library/PrivateFrameworks/AppleFSCompression.framework/Versions/A/AppleFSCompression
0x00000000056d2000 	/System/Library/PrivateFrameworks/SpeechRecognitionCore.framework/Versions/A/SpeechRecognitionCore
0x00000000056d2000 	/System/Library/CoreServices/Encodings/libLatin2Converter.dylib
0x000000010b990000 	/Library/Java/JavaVirtualMachines/jdk1.8.0_171.jdk/Contents/Home/jre/lib/server/libjvm.dylib
0x00000000056d2000 	/usr/lib/libstdc++.6.0.9.dylib
0x0000000109d30000 	/Library/Java/JavaVirtualMachines/jdk1.8.0_171.jdk/Contents/Home/jre/lib/libverify.dylib
0x0000000109d3e000 	/Library/Java/JavaVirtualMachines/jdk1.8.0_171.jdk/Contents/Home/jre/lib/libjava.dylib
0x0000000109dbe000 	/Library/Java/JavaVirtualMachines/jdk1.8.0_171.jdk/Contents/Home/jre/lib/libzip.dylib
0x000000012889f000 	/Library/Java/JavaVirtualMachines/jdk1.8.0_171.jdk/Contents/Home/jre/lib/libawt.dylib
0x0000000128949000 	/Library/Java/JavaVirtualMachines/jdk1.8.0_171.jdk/Contents/Home/jre/lib/./libmlib_image.dylib
0x00000000056d2000 	/System/Library/Frameworks/JavaVM.framework/Versions/A/Frameworks/JavaNativeFoundation.framework/Versions/A/JavaNativeFoundation
0x00000000056d2000 	/System/Library/Frameworks/JavaVM.framework/Versions/A/Frameworks/JavaRuntimeSupport.framework/Versions/A/JavaRuntimeSupport
0x00000000056d2000 	/System/Library/Frameworks/JavaVM.framework/Versions/A/JavaVM
0x00000000056d2000 	/System/Library/PrivateFrameworks/JavaLaunching.framework/Versions/A/JavaLaunching
0x00000000056d2000 	/System/Library/Frameworks/Carbon.framework/Versions/A/Carbon
0x00000000056d2000 	/System/Library/Frameworks/Carbon.framework/Versions/A/Frameworks/CommonPanels.framework/Versions/A/CommonPanels
0x00000000056d2000 	/System/Library/Frameworks/Carbon.framework/Versions/A/Frameworks/Help.framework/Versions/A/Help
0x00000000056d2000 	/System/Library/Frameworks/Carbon.framework/Versions/A/Frameworks/ImageCapture.framework/Versions/A/ImageCapture
0x00000000056d2000 	/System/Library/Frameworks/Carbon.framework/Versions/A/Frameworks/OpenScripting.framework/Versions/A/OpenScripting
0x00000000056d2000 	/System/Library/Frameworks/Carbon.framework/Versions/A/Frameworks/Print.framework/Versions/A/Print
0x00000000056d2000 	/System/Library/Frameworks/Carbon.framework/Versions/A/Frameworks/SecurityHI.framework/Versions/A/SecurityHI
0x0000000128a15000 	/Library/Java/JavaVirtualMachines/jdk1.8.0_171.jdk/Contents/Home/jre/lib/libawt_lwawt.dylib
0x0000000128acf000 	/Library/Java/JavaVirtualMachines/jdk1.8.0_171.jdk/Contents/Home/jre/lib/./libosxapp.dylib
0x00000000056d2000 	/System/Library/Frameworks/ExceptionHandling.framework/Versions/A/ExceptionHandling
0x00000000056d2000 	/System/Library/PrivateFrameworks/CoreServicesInternal.framework/Versions/A/CoreServicesInternal
0x00000000056d2000 	/System/Library/CoreServices/RawCamera.bundle/Contents/MacOS/RawCamera
0x00000000056d2000 	/System/Library/PrivateFrameworks/MobileAsset.framework/Versions/A/MobileAsset
0x00000000056d2000 	/System/Library/PrivateFrameworks/StreamingZip.framework/Versions/A/StreamingZip
0x00000000056d2000 	/System/Library/Frameworks/MediaToolbox.framework/Versions/A/MediaToolbox
0x00000000056d2000 	/System/Library/PrivateFrameworks/CoreAVCHD.framework/Versions/A/CoreAVCHD
0x00000000056d2000 	/System/Library/Frameworks/MediaAccessibility.framework/Versions/A/MediaAccessibility
0x00000000056d2000 	/System/Library/PrivateFrameworks/Mangrove.framework/Versions/A/Mangrove
0x00000000056d2000 	/System/Library/Frameworks/CoreMedia.framework/Versions/A/CoreMedia
0x00000000056d2000 	/System/Library/Frameworks/VideoToolbox.framework/Versions/A/VideoToolbox
0x00000000056d2000 	/System/Library/PrivateFrameworks/CoreAUC.framework/Versions/A/CoreAUC
0x00000000056d2000 	/usr/lib/libspindump.dylib
0x00000000056d2000 	/System/Library/PrivateFrameworks/AppleVA.framework/Versions/A/AppleVA
0x00000000056d2000 	/System/Library/Frameworks/Accelerate.framework/Versions/A/Frameworks/vImage.framework/Versions/A/Libraries/libCGInterfaces.dylib
0x00000000056d2000 	/System/Library/Frameworks/ApplicationServices.framework/Versions/A/Frameworks/ATS.framework/Versions/A/Resources/libTrueTypeScaler.dylib
0x00000000056d2000 	/System/Library/Extensions/GeForceMTLDriver.bundle/Contents/MacOS/GeForceMTLDriver
0x00000000056d2000 	/System/Library/PrivateFrameworks/GPUCompiler.framework/Versions/3802/Libraries/libmetal_timestamp.dylib
0x00000000056d2000 	/System/Library/PrivateFrameworks/FamilyControls.framework/Versions/A/FamilyControls
0x00000000056d2000 	/System/Library/PrivateFrameworks/CommerceKit.framework/Versions/A/Frameworks/CommerceCore.framework/Versions/A/CommerceCore
0x00000000056d2000 	/System/Library/PrivateFrameworks/SystemAdministration.framework/Versions/A/SystemAdministration
0x00000000056d2000 	/System/Library/PrivateFrameworks/AppContainer.framework/Versions/A/AppContainer
0x00000000056d2000 	/System/Library/PrivateFrameworks/SecCodeWrapper.framework/Versions/A/SecCodeWrapper
0x00000000056d2000 	/System/Library/PrivateFrameworks/DiskManagement.framework/Versions/A/DiskManagement
0x00000000056d2000 	/System/Library/Frameworks/DirectoryService.framework/Versions/A/DirectoryService
0x00000000056d2000 	/System/Library/PrivateFrameworks/DiskImages.framework/Versions/A/DiskImages
0x00000000056d2000 	/System/Library/PrivateFrameworks/LoginUIKit.framework/Versions/A/Frameworks/LoginUICore.framework/Versions/A/LoginUICore
0x00000000056d2000 	/usr/lib/libCoreStorage.dylib
0x00000000056d2000 	/usr/lib/libcsfde.dylib
0x00000000056d2000 	/usr/lib/libodfde.dylib
0x00000000056d2000 	/System/Library/PrivateFrameworks/MediaKit.framework/Versions/A/MediaKit
0x00000000056d2000 	/System/Library/Frameworks/DiscRecording.framework/Versions/A/DiscRecording
0x00000000056d2000 	/System/Library/PrivateFrameworks/EFILogin.framework/Versions/A/EFILogin
0x00000000056d2000 	/System/Library/PrivateFrameworks/ProtectedCloudStorage.framework/Versions/A/ProtectedCloudStorage
0x00000000056d2000 	/usr/lib/libcurl.4.dylib
0x00000000056d2000 	/usr/lib/libcrypto.35.dylib
0x00000000056d2000 	/usr/lib/libssl.35.dylib
0x00000000056d2000 	/System/Library/Frameworks/LDAP.framework/Versions/A/LDAP
0x00000000056d2000 	/System/Library/PrivateFrameworks/TrustEvaluationAgent.framework/Versions/A/TrustEvaluationAgent
0x00000000056d2000 	/usr/lib/libsasl2.2.dylib
0x00000000056d2000 	/System/Library/PrivateFrameworks/CoreDaemon.framework/Versions/B/CoreDaemon
0x00000000056d2000 	/System/Library/PrivateFrameworks/AppleSRP.framework/Versions/A/AppleSRP
0x00000000056d2000 	/System/Library/PrivateFrameworks/ViewBridge.framework/Versions/A/ViewBridge
0x000000012990e000 	/Library/Java/JavaVirtualMachines/jdk1.8.0_171.jdk/Contents/Home/jre/lib/libfontmanager.dylib
0x0000000129975000 	/Users/markovitsgergo/Documents/GitHub/CarRace/gameEngine/lib/natives/liblwjgl.jnilib
0x0000000128f1b000 	/Library/Java/JavaVirtualMachines/jdk1.8.0_171.jdk/Contents/Home/jre/lib/libjawt.dylib
0x00000000056d2000 	/System/Library/Frameworks/OpenGL.framework/Versions/A/Resources/GLEngine.bundle/GLEngine
0x00000000056d2000 	/System/Library/Frameworks/OpenGL.framework/Versions/A/Libraries/libGLProgrammability.dylib
0x00000000056d2000 	/System/Library/Extensions/GeForceGLDriver.bundle/Contents/MacOS/GeForceGLDriver
0x00000000056d2000 	/System/Library/PrivateFrameworks/GPUSupport.framework/Versions/A/Libraries/libGPUSupportMercury.dylib
0x00000000056d2000 	/System/Library/Extensions/GeForceGLDriver.bundle/Contents/MacOS/libclh.dylib
0x00000000056d2000 	/System/Library/Frameworks/OpenGL.framework/Versions/A/Resources/GLRendererFloat.bundle/GLRendererFloat
0x00000000056d2000 	/System/Library/Frameworks/OpenCL.framework/Versions/A/Libraries/libcldcpuengine.dylib

VM Arguments:
jvm_args: -Djava.library.path=/Users/markovitsgergo/Documents/GitHub/CarRace/gameEngine/lib/natives -Dfile.encoding=UTF-8 
java_command: gameMaster.GameMain
java_class_path (initial): /Library/Java/JavaVirtualMachines/jdk1.8.0_171.jdk/Contents/Home/jre/lib/resources.jar:/Library/Java/JavaVirtualMachines/jdk1.8.0_171.jdk/Contents/Home/jre/lib/rt.jar:/Library/Java/JavaVirtualMachines/jdk1.8.0_171.jdk/Contents/Home/jre/lib/jsse.jar:/Library/Java/JavaVirtualMachines/jdk1.8.0_171.jdk/Contents/Home/jre/lib/jce.jar:/Library/Java/JavaVirtualMachines/jdk1.8.0_171.jdk/Contents/Home/jre/lib/charsets.jar:/Library/Java/JavaVirtualMachines/jdk1.8.0_171.jdk/Contents/Home/jre/lib/jfr.jar:/Library/Java/JavaVirtualMachines/jdk1.8.0_171.jdk/Contents/Home/jre/lib/ext/sunec.jar:/Library/Java/JavaVirtualMachines/jdk1.8.0_171.jdk/Contents/Home/jre/lib/ext/nashorn.jar:/Library/Java/JavaVirtualMachines/jdk1.8.0_171.jdk/Contents/Home/jre/lib/ext/cldrdata.jar:/Library/Java/JavaVirtualMachines/jdk1.8.0_171.jdk/Contents/Home/jre/lib/ext/jfxrt.jar:/Library/Java/JavaVirtualMachines/jdk1.8.0_171.jdk/Contents/Home/jre/lib/ext/dnsns.jar:/Library/Java/JavaVirtualMachines/jdk1.8.0_171.jdk/Contents/Home/jre/lib/ext/localedata.jar:/Library/Java/JavaVirtualMachines/jdk1.8.0_171.jdk/Contents/Home/jre/lib/ext/sunjce_provider.jar:/Library/Java/JavaVirtualMachines/jdk1.8.0_171.jdk/Contents/Home/jre/lib/ext/sunpkcs11.jar:/Library/Java/JavaVirtualMachines/jdk1.8.0_171.jdk/Contents/Home/jre/lib/ext/jaccess.jar:/Library/Java/JavaVirtualMachines/jdk1.8.0_171.jdk/Contents/Home/jre/lib/ext/zipfs.jar:/System/Library/Java/Extensions/MRJToolkit.jar:/Users/markovitsgergo/Documents/GitHub/CarRace/gameEngine/bin:/Users/markovitsgergo/Documents/GitHub/CarRace/gameEngine/lib/jars/lwjgl_util.jar:/Users/markovitsgergo/Documents/GitHub/CarRace/gameEngine/lib/jars/lwjgl.jar:/Users/markovitsgergo/Documents/GitHub/CarRace/gameEngine/lib/jars/slick-util.jar
Launcher Type: SUN_STANDARD

Environment Variables:
PATH=/usr/bin:/bin:/usr/sbin:/sbin
SHELL=/bin/bash

Signal Handlers:
SIGSEGV: [libjvm.dylib+0x5b512d], sa_mask[0]=11111111011111110111111111111111, sa_flags=SA_ONSTACK|SA_RESTART|SA_SIGINFO
SIGBUS: [libjvm.dylib+0x5b512d], sa_mask[0]=11111111011111110111111111111111, sa_flags=SA_RESTART|SA_SIGINFO
SIGFPE: [libjvm.dylib+0x48aa90], sa_mask[0]=11111111011111110111111111111111, sa_flags=SA_RESTART|SA_SIGINFO
SIGPIPE: [libjvm.dylib+0x48aa90], sa_mask[0]=11111111011111110111111111111111, sa_flags=SA_RESTART|SA_SIGINFO
SIGXFSZ: [libjvm.dylib+0x48aa90], sa_mask[0]=11111111011111110111111111111111, sa_flags=SA_RESTART|SA_SIGINFO
SIGILL: [libjvm.dylib+0x48aa90], sa_mask[0]=11111111011111110111111111111111, sa_flags=SA_RESTART|SA_SIGINFO
SIGUSR1: SIG_DFL, sa_mask[0]=00000000000000000000000000000000, sa_flags=none
SIGUSR2: [libjvm.dylib+0x48a5ae], sa_mask[0]=00100000000000000000000000000000, sa_flags=SA_RESTART|SA_SIGINFO
SIGHUP: [libjvm.dylib+0x488b79], sa_mask[0]=11111111011111110111111111111111, sa_flags=SA_RESTART|SA_SIGINFO
SIGINT: [libjvm.dylib+0x488b79], sa_mask[0]=11111111011111110111111111111111, sa_flags=SA_RESTART|SA_SIGINFO
SIGTERM: [libjvm.dylib+0x488b79], sa_mask[0]=11111111011111110111111111111111, sa_flags=SA_RESTART|SA_SIGINFO
SIGQUIT: [libjvm.dylib+0x488b79], sa_mask[0]=11111111011111110111111111111111, sa_flags=SA_RESTART|SA_SIGINFO


---------------  S Y S T E M  ---------------

OS:Bsduname:Darwin 17.5.0 Darwin Kernel Version 17.5.0: Fri Apr 13 19:32:32 PDT 2018; root:xnu-4570.51.2~1/RELEASE_X86_64 x86_64
rlimit: STACK 8192k, CORE 0k, NPROC 1418, NOFILE 10240, AS infinity
load average:1.60 1.69 1.75

CPU:total 8 (initial active 8) (4 cores per cpu, 2 threads per core) family 6 model 60 stepping 3, cmov, cx8, fxsr, mmx, sse, sse2, sse3, ssse3, sse4.1, sse4.2, popcnt, avx, avx2, aes, clmul, erms, lzcnt, ht, tsc, tscinvbit, bmi1, bmi2

Memory: 4k page, physical 16777216k(116704k free)

/proc/meminfo:


vm_info: Java HotSpot(TM) 64-Bit Server VM (25.171-b11) for bsd-amd64 JRE (1.8.0_171-b11), built on Mar 28 2018 12:50:57 by "java_re" with gcc 4.2.1 (Based on Apple Inc. build 5658) (LLVM build 2336.11.00)

time: Thu May 24 22:12:27 2018
elapsed time: 7 seconds (0d 0h 0m 7s)

