#
# A fatal error has been detected by the Java Runtime Environment:
#
#  SIGSEGV (0xb) at pc=0x0000000000000000, pid=1147, tid=0x0000000000002803
#
# JRE version: Java(TM) SE Runtime Environment (8.0_171-b11) (build 1.8.0_171-b11)
# Java VM: Java HotSpot(TM) 64-Bit Server VM (25.171-b11 mixed mode bsd-amd64 compressed oops)
# Problematic frame:
# C  0x0000000000000000
#
# Failed to write core dump. Core dumps have been disabled. To enable core dumping, try "ulimit -c unlimited" before starting Java again
#
# If you would like to submit a bug report, please visit:
#   http://bugreport.java.com/bugreport/crash.jsp
# The crash happened outside the Java Virtual Machine in native code.
# See problematic frame for where to report the bug.
#

---------------  T H R E A D  ---------------

Current thread (0x00007ff0dd805800):  JavaThread "main" [_thread_in_native, id=10243, stack(0x000070000c6b3000,0x000070000c7b3000)]

siginfo: si_signo: 11 (SIGSEGV), si_code: 1 (SEGV_MAPERR), si_addr: 0x0000000000000000

Registers:
RAX=0x00000001168b5150, RBX=0x000000011368f4f8, RCX=0x0000000111028360, RDX=0x0000000000000001
RSP=0x000070000c7b2618, RBP=0x000070000c7b2630, RSI=0x000070000c7b262c, RDI=0x0000000000000001
R8 =0x0000000000000002, R9 =0x0000000000000000, R10=0x0000000116a6a63b, R11=0x0000000110ce78f7
R12=0x0000000000000000, R13=0x000000011368f4f8, R14=0x000070000c7b26b0, R15=0x00007ff0dd805800
RIP=0x0000000000000000, EFLAGS=0x0000000000010202, ERR=0x0000000000000014
  TRAPNO=0x000000000000000e

Top of Stack: (sp=0x000070000c7b2618)
0x000070000c7b2618:   00000001168b5164 000070000c7b2690
0x000070000c7b2628:   0000000116a6a4e3 000070000c7b2690
0x000070000c7b2638:   0000000116a6a667 000070000c7b2688
0x000070000c7b2648:   0000000116a6a382 000070000c7b2650
0x000070000c7b2658:   000000011368f4f8 000070000c7b26b0
0x000070000c7b2668:   0000000113692258 0000000000000000
0x000070000c7b2678:   000000011368f4f8 0000000000000000
0x000070000c7b2688:   000070000c7b26b0 000070000c7b26f8
0x000070000c7b2698:   0000000116a59d00 000000076b345688
0x000070000c7b26a8:   0000000116a63d16 0000000000000001
0x000070000c7b26b8:   000070000c7b26b8 000000011368f451
0x000070000c7b26c8:   000070000c7b2708 0000000113692258
0x000070000c7b26d8:   0000000000000000 000000011368f470
0x000070000c7b26e8:   000070000c7b26b0 000070000c7b2710
0x000070000c7b26f8:   000070000c7b2758 0000000116a59d00
0x000070000c7b2708:   0000000000000000 000000076b33a168
0x000070000c7b2718:   000070000c7b2718 000000011368b92d
0x000070000c7b2728:   000070000c7b2768 000000011368be28
0x000070000c7b2738:   0000000000000000 000000011368b958
0x000070000c7b2748:   000070000c7b2710 000070000c7b2768
0x000070000c7b2758:   000070000c7b27c0 0000000116a5a2bd
0x000070000c7b2768:   000000076b33a168 000000076b33a168
0x000070000c7b2778:   000000076b337b80 000070000c7b2780
0x000070000c7b2788:   000000011368b181 000070000c7b27e8
0x000070000c7b2798:   000000011368b3d8 0000000000000000
0x000070000c7b27a8:   000000011368b1e8 000070000c7b2768
0x000070000c7b27b8:   000070000c7b27d8 000070000c7b2840
0x000070000c7b27c8:   0000000116a5a2bd 0000000000000000
0x000070000c7b27d8:   000000076b337b98 000070003f800000
0x000070000c7b27e8:   000000076b337b80 000000076b337b80
0x000070000c7b27f8:   000000076b316470 000070000c7b2800
0x000070000c7b2808:   0000000113685f25 000070000c7b28b0 

Instructions: (pc=0x0000000000000000)
0xffffffffffffffe0:   

Register to memory mapping:

RAX=0x00000001168b5150: Java_org_lwjgl_openal_AL10_nalGenSources2+0 in /Users/markovitsgergo/Documents/GitHub/CarRace/gameEngine/lib/natives/liblwjgl.jnilib at 0x00000001168b2000
RBX={method} {0x000000011368f4f8} 'nalGenSources2' '(I)I' in 'org/lwjgl/openal/AL10'
RCX=0x0000000111028360: UseMembar+0 in /Library/Java/JavaVirtualMachines/jdk1.8.0_171.jdk/Contents/Home/jre/lib/server/libjvm.dylib at 0x0000000110800000
RDX=0x0000000000000001 is an unknown value
RSP=0x000070000c7b2618 is pointing into the stack for thread: 0x00007ff0dd805800
RBP=0x000070000c7b2630 is pointing into the stack for thread: 0x00007ff0dd805800
RSI=0x000070000c7b262c is pointing into the stack for thread: 0x00007ff0dd805800
RDI=0x0000000000000001 is an unknown value
R8 =0x0000000000000002 is an unknown value
R9 =0x0000000000000000 is an unknown value
R10=0x0000000116a6a63b is at code_begin+859 in an Interpreter codelet
method entry point (kind = native)  [0x0000000116a6a2e0, 0x0000000116a6ac40]  2400 bytes
R11=0x0000000110ce78f7: throw_unsatisfied_link_error+0 in /Library/Java/JavaVirtualMachines/jdk1.8.0_171.jdk/Contents/Home/jre/lib/server/libjvm.dylib at 0x0000000110800000
R12=0x0000000000000000 is an unknown value
R13={method} {0x000000011368f4f8} 'nalGenSources2' '(I)I' in 'org/lwjgl/openal/AL10'
R14=0x000070000c7b26b0 is pointing into the stack for thread: 0x00007ff0dd805800
R15=0x00007ff0dd805800 is a thread


Stack: [0x000070000c6b3000,0x000070000c7b3000],  sp=0x000070000c7b2618,  free space=1021k
Java frames: (J=compiled Java code, j=interpreted, Vv=VM code)
j  org.lwjgl.openal.AL10.nalGenSources2(I)I+0
j  org.lwjgl.openal.AL10.alGenSources()I+1
j  audio.Source.<init>()V+5
j  audio.AudioCar.<init>(FLjava/lang/String;)V+9
j  cars.Challenger.<init>(LrenderEngine/Loader;Lcars/e8CarColour;Lorg/lwjgl/util/vector/Vector3f;)V+21
j  engineTester.MainGameLoop.main([Ljava/lang/String;)V+48
v  ~StubRoutines::call_stub

---------------  P R O C E S S  ---------------

Java Threads: ( => current thread )
  0x00007ff0db90d000 JavaThread "AWT-Shutdown" [_thread_blocked, id=38187, stack(0x000070000d9ec000,0x000070000daec000)]
  0x00007ff0dd920000 JavaThread "AppKit Thread" daemon [_thread_in_native, id=775, stack(0x00007ffedfd04000,0x00007ffee0504000)]
  0x00007ff0db81d800 JavaThread "Service Thread" daemon [_thread_blocked, id=15107, stack(0x000070000d7e6000,0x000070000d8e6000)]
  0x00007ff0dd844800 JavaThread "C1 CompilerThread3" daemon [_thread_blocked, id=14339, stack(0x000070000d6e3000,0x000070000d7e3000)]
  0x00007ff0dd81d800 JavaThread "C2 CompilerThread2" daemon [_thread_blocked, id=15875, stack(0x000070000d5e0000,0x000070000d6e0000)]
  0x00007ff0dd81c800 JavaThread "C2 CompilerThread1" daemon [_thread_blocked, id=16131, stack(0x000070000d4dd000,0x000070000d5dd000)]
  0x00007ff0db81d000 JavaThread "C2 CompilerThread0" daemon [_thread_blocked, id=13571, stack(0x000070000d3da000,0x000070000d4da000)]
  0x00007ff0db81c000 JavaThread "Signal Dispatcher" daemon [_thread_blocked, id=13323, stack(0x000070000d2d7000,0x000070000d3d7000)]
  0x00007ff0db80f800 JavaThread "Finalizer" daemon [_thread_blocked, id=18947, stack(0x000070000d1d4000,0x000070000d2d4000)]
  0x00007ff0de004800 JavaThread "Reference Handler" daemon [_thread_blocked, id=19459, stack(0x000070000d0d1000,0x000070000d1d1000)]
=>0x00007ff0dd805800 JavaThread "main" [_thread_in_native, id=10243, stack(0x000070000c6b3000,0x000070000c7b3000)]

Other Threads:
  0x00007ff0dd02f000 VMThread [stack: 0x000070000cfce000,0x000070000d0ce000] [id=19715]
  0x00007ff0dc006800 WatcherThread [stack: 0x000070000d8e9000,0x000070000d9e9000] [id=14851]

VM state:not at safepoint (normal execution)

VM Mutex/Monitor currently owned by a thread: None

Heap:
 PSYoungGen      total 76288K, used 9176K [0x000000076ab00000, 0x0000000770000000, 0x00000007c0000000)
  eden space 65536K, 14% used [0x000000076ab00000,0x000000076b3f6348,0x000000076eb00000)
  from space 10752K, 0% used [0x000000076f580000,0x000000076f580000,0x0000000770000000)
  to   space 10752K, 0% used [0x000000076eb00000,0x000000076eb00000,0x000000076f580000)
 ParOldGen       total 175104K, used 0K [0x00000006c0000000, 0x00000006cab00000, 0x000000076ab00000)
  object space 175104K, 0% used [0x00000006c0000000,0x00000006c0000000,0x00000006cab00000)
 Metaspace       used 6161K, capacity 6349K, committed 6656K, reserved 1056768K
  class space    used 615K, capacity 665K, committed 768K, reserved 1048576K

Card table byte_map: [0x0000000111b6e000,0x000000011236f000] byte_map_base: 0x000000010e56e000

Marking Bits: (ParMarkBitMap*) 0x00000001110f76e0
 Begin Bits: [0x0000000125a52000, 0x0000000129a52000)
 End Bits:   [0x0000000129a52000, 0x000000012da52000)

Polling page: 0x000000010f781000

CodeCache: size=245760Kb used=1956Kb max_used=1960Kb free=243803Kb
 bounds [0x0000000116a52000, 0x0000000116cc2000, 0x0000000125a52000]
 total_blobs=772 nmethods=403 adapters=283
 compilation: enabled

Compilation events (10 events):
Event: 1.724 Thread 0x00007ff0dd844800  398       3       java.util.zip.ZipCoder::getBytes (192 bytes)
Event: 1.725 Thread 0x00007ff0dd844800 nmethod 398 0x0000000116c34f50 code [0x0000000116c35300, 0x0000000116c37578]
Event: 1.725 Thread 0x00007ff0dd844800  399       3       java.util.zip.ZipCoder::encoder (35 bytes)
Event: 1.725 Thread 0x00007ff0dd844800 nmethod 399 0x0000000116c38690 code [0x0000000116c38840, 0x0000000116c38ec8]
Event: 1.726 Thread 0x00007ff0dd81d800  400       4       java.util.concurrent.ConcurrentHashMap::setTabAt (19 bytes)
Event: 1.726 Thread 0x00007ff0dd81d800 nmethod 400 0x0000000116c3c550 code [0x0000000116c3c680, 0x0000000116c3c6f8]
Event: 1.727 Thread 0x00007ff0dd844800  401       3       java.lang.String::replace (127 bytes)
Event: 1.728 Thread 0x00007ff0dd844800 nmethod 401 0x0000000116c3b5d0 code [0x0000000116c3b780, 0x0000000116c3be30]
Event: 1.728 Thread 0x00007ff0dd844800  403       3       sun.misc.URLClassPath::getResource (83 bytes)
Event: 1.728 Thread 0x00007ff0dd844800 nmethod 403 0x0000000116c3aed0 code [0x0000000116c3b080, 0x0000000116c3b448]

GC Heap History (0 events):
No events

Deoptimization events (1 events):
Event: 1.716 Thread 0x00007ff0dd805800 Uncommon trap: reason=unstable_if action=reinterpret pc=0x0000000116bf1bc0 method=java.lang.String.replace(CC)Ljava/lang/String; @ 26

Classes redefined (0 events):
No events

Internal exceptions (10 events):
Event: 0.024 Thread 0x00007ff0dd805800 Exception <a 'java/lang/NoSuchMethodError': Method sun.misc.Unsafe.prefetchRead(Ljava/lang/Object;J)V name or signature does not match> (0x000000076ab07f98) thrown at [/Users/java_re/workspace/8-2-build-macosx-x86_64/jdk8u171/10807/hotspot/src/share/vm/pr
Event: 0.094 Thread 0x00007ff0dd805800 Exception <a 'java/security/PrivilegedActionException'> (0x000000076adaced8) thrown at [/Users/java_re/workspace/8-2-build-macosx-x86_64/jdk8u171/10807/hotspot/src/share/vm/prims/jvm.cpp, line 1435]
Event: 0.094 Thread 0x00007ff0dd805800 Exception <a 'java/security/PrivilegedActionException'> (0x000000076adad0e8) thrown at [/Users/java_re/workspace/8-2-build-macosx-x86_64/jdk8u171/10807/hotspot/src/share/vm/prims/jvm.cpp, line 1435]
Event: 0.095 Thread 0x00007ff0dd805800 Exception <a 'java/security/PrivilegedActionException'> (0x000000076adb0600) thrown at [/Users/java_re/workspace/8-2-build-macosx-x86_64/jdk8u171/10807/hotspot/src/share/vm/prims/jvm.cpp, line 1435]
Event: 0.095 Thread 0x00007ff0dd805800 Exception <a 'java/security/PrivilegedActionException'> (0x000000076adb0810) thrown at [/Users/java_re/workspace/8-2-build-macosx-x86_64/jdk8u171/10807/hotspot/src/share/vm/prims/jvm.cpp, line 1435]
Event: 0.127 Thread 0x00007ff0dd805800 Exception <a 'java/lang/NoSuchFieldError': method resolution failed> (0x000000076ae8a3b8) thrown at [/Users/java_re/workspace/8-2-build-macosx-x86_64/jdk8u171/10807/hotspot/src/share/vm/prims/methodHandles.cpp, line 1167]
Event: 0.128 Thread 0x00007ff0dd805800 Exception <a 'java/lang/NoSuchFieldError': method resolution failed> (0x000000076ae97b08) thrown at [/Users/java_re/workspace/8-2-build-macosx-x86_64/jdk8u171/10807/hotspot/src/share/vm/prims/methodHandles.cpp, line 1167]
Event: 1.516 Thread 0x00007ff0dd805800 Exception <a 'java/io/FileNotFoundException'> (0x000000076af12620) thrown at [/Users/java_re/workspace/8-2-build-macosx-x86_64/jdk8u171/10807/hotspot/src/share/vm/prims/jni.cpp, line 709]
Event: 1.516 Thread 0x00007ff0dd805800 Exception <a 'java/io/FileNotFoundException'> (0x000000076af131c8) thrown at [/Users/java_re/workspace/8-2-build-macosx-x86_64/jdk8u171/10807/hotspot/src/share/vm/prims/jni.cpp, line 709]
Event: 1.523 Thread 0x00007ff0dd805800 Exception <a 'java/lang/UnsatisfiedLinkError'> (0x000000076af226f0) thrown at [/Users/java_re/workspace/8-2-build-macosx-x86_64/jdk8u171/10807/hotspot/src/share/vm/prims/jvm.cpp, line 1439]

Events (10 events):
Event: 1.727 loading class org/lwjgl/util/vector/WritableVector2f
Event: 1.727 loading class org/lwjgl/util/vector/WritableVector2f done
Event: 1.728 loading class org/lwjgl/util/vector/Vector
Event: 1.728 loading class org/lwjgl/util/vector/Vector done
Event: 1.728 loading class audio/AudioCar
Event: 1.728 loading class audio/AudioCar done
Event: 1.728 loading class audio/Source
Event: 1.728 loading class audio/Source done
Event: 1.728 loading class org/lwjgl/openal/AL10
Event: 1.728 loading class org/lwjgl/openal/AL10 done


Dynamic libraries:
0x0000000026ba4000 	/System/Library/Frameworks/Cocoa.framework/Versions/A/Cocoa
0x0000000026ba4000 	/System/Library/Frameworks/Security.framework/Versions/A/Security
0x0000000026ba4000 	/System/Library/Frameworks/ApplicationServices.framework/Versions/A/ApplicationServices
0x0000000026ba4000 	/usr/lib/libz.1.dylib
0x0000000026ba4000 	/usr/lib/libSystem.B.dylib
0x0000000026ba4000 	/usr/lib/libobjc.A.dylib
0x0000000026ba4000 	/System/Library/Frameworks/CoreFoundation.framework/Versions/A/CoreFoundation
0x0000000026ba4000 	/System/Library/Frameworks/Foundation.framework/Versions/C/Foundation
0x0000000026ba4000 	/System/Library/Frameworks/AppKit.framework/Versions/C/AppKit
0x0000000026ba4000 	/System/Library/Frameworks/CoreData.framework/Versions/A/CoreData
0x0000000026ba4000 	/System/Library/PrivateFrameworks/RemoteViewServices.framework/Versions/A/RemoteViewServices
0x0000000026ba4000 	/System/Library/PrivateFrameworks/UIFoundation.framework/Versions/A/UIFoundation
0x0000000026ba4000 	/System/Library/PrivateFrameworks/DFRFoundation.framework/Versions/A/DFRFoundation
0x0000000026ba4000 	/System/Library/Frameworks/Metal.framework/Versions/A/Metal
0x0000000026ba4000 	/System/Library/PrivateFrameworks/DesktopServicesPriv.framework/Versions/A/DesktopServicesPriv
0x0000000026ba4000 	/usr/lib/libenergytrace.dylib
0x0000000026ba4000 	/System/Library/PrivateFrameworks/SkyLight.framework/Versions/A/SkyLight
0x0000000026ba4000 	/System/Library/Frameworks/CoreGraphics.framework/Versions/A/CoreGraphics
0x0000000026ba4000 	/usr/lib/libScreenReader.dylib
0x0000000026ba4000 	/System/Library/Frameworks/Accelerate.framework/Versions/A/Accelerate
0x0000000026ba4000 	/System/Library/Frameworks/IOSurface.framework/Versions/A/IOSurface
0x0000000026ba4000 	/System/Library/Frameworks/AudioToolbox.framework/Versions/A/AudioToolbox
0x0000000026ba4000 	/System/Library/Frameworks/AudioUnit.framework/Versions/A/AudioUnit
0x0000000026ba4000 	/System/Library/PrivateFrameworks/DataDetectorsCore.framework/Versions/A/DataDetectorsCore
0x0000000026ba4000 	/System/Library/Frameworks/Carbon.framework/Versions/A/Frameworks/HIToolbox.framework/Versions/A/HIToolbox
0x0000000026ba4000 	/usr/lib/libicucore.A.dylib
0x0000000026ba4000 	/System/Library/Frameworks/QuartzCore.framework/Versions/A/QuartzCore
0x0000000026ba4000 	/System/Library/PrivateFrameworks/SignpostNotification.framework/Versions/A/SignpostNotification
0x0000000026ba4000 	/System/Library/Frameworks/Carbon.framework/Versions/A/Frameworks/SpeechRecognition.framework/Versions/A/SpeechRecognition
0x0000000026ba4000 	/usr/lib/libauto.dylib
0x0000000026ba4000 	/usr/lib/libxml2.2.dylib
0x0000000026ba4000 	/System/Library/PrivateFrameworks/CoreUI.framework/Versions/A/CoreUI
0x0000000026ba4000 	/System/Library/Frameworks/CoreAudio.framework/Versions/A/CoreAudio
0x0000000026ba4000 	/System/Library/Frameworks/DiskArbitration.framework/Versions/A/DiskArbitration
0x0000000026ba4000 	/usr/lib/liblangid.dylib
0x0000000026ba4000 	/System/Library/PrivateFrameworks/MultitouchSupport.framework/Versions/A/MultitouchSupport
0x0000000026ba4000 	/System/Library/Frameworks/IOKit.framework/Versions/A/IOKit
0x0000000026ba4000 	/usr/lib/libDiagnosticMessagesClient.dylib
0x0000000026ba4000 	/System/Library/Frameworks/CoreServices.framework/Versions/A/CoreServices
0x0000000026ba4000 	/System/Library/PrivateFrameworks/PerformanceAnalysis.framework/Versions/A/PerformanceAnalysis
0x0000000026ba4000 	/System/Library/Frameworks/OpenGL.framework/Versions/A/OpenGL
0x0000000026ba4000 	/System/Library/Frameworks/ColorSync.framework/Versions/A/ColorSync
0x0000000026ba4000 	/System/Library/Frameworks/CoreImage.framework/Versions/A/CoreImage
0x0000000026ba4000 	/System/Library/Frameworks/CoreText.framework/Versions/A/CoreText
0x0000000026ba4000 	/System/Library/Frameworks/ImageIO.framework/Versions/A/ImageIO
0x0000000026ba4000 	/System/Library/PrivateFrameworks/Backup.framework/Versions/A/Backup
0x0000000026ba4000 	/usr/lib/libarchive.2.dylib
0x0000000026ba4000 	/System/Library/Frameworks/CFNetwork.framework/Versions/A/CFNetwork
0x0000000026ba4000 	/System/Library/Frameworks/SystemConfiguration.framework/Versions/A/SystemConfiguration
0x0000000026ba4000 	/usr/lib/libCRFSuite.dylib
0x0000000026ba4000 	/usr/lib/libc++.1.dylib
0x0000000026ba4000 	/usr/lib/libc++abi.dylib
0x0000000026ba4000 	/usr/lib/system/libcache.dylib
0x0000000026ba4000 	/usr/lib/system/libcommonCrypto.dylib
0x0000000026ba4000 	/usr/lib/system/libcompiler_rt.dylib
0x0000000026ba4000 	/usr/lib/system/libcopyfile.dylib
0x0000000026ba4000 	/usr/lib/system/libcorecrypto.dylib
0x0000000026ba4000 	/usr/lib/system/libdispatch.dylib
0x0000000026ba4000 	/usr/lib/system/libdyld.dylib
0x0000000026ba4000 	/usr/lib/system/libkeymgr.dylib
0x0000000026ba4000 	/usr/lib/system/liblaunch.dylib
0x0000000026ba4000 	/usr/lib/system/libmacho.dylib
0x0000000026ba4000 	/usr/lib/system/libquarantine.dylib
0x0000000026ba4000 	/usr/lib/system/libremovefile.dylib
0x0000000026ba4000 	/usr/lib/system/libsystem_asl.dylib
0x0000000026ba4000 	/usr/lib/system/libsystem_blocks.dylib
0x0000000026ba4000 	/usr/lib/system/libsystem_c.dylib
0x0000000026ba4000 	/usr/lib/system/libsystem_configuration.dylib
0x0000000026ba4000 	/usr/lib/system/libsystem_coreservices.dylib
0x0000000026ba4000 	/usr/lib/system/libsystem_darwin.dylib
0x0000000026ba4000 	/usr/lib/system/libsystem_dnssd.dylib
0x0000000026ba4000 	/usr/lib/system/libsystem_info.dylib
0x0000000026ba4000 	/usr/lib/system/libsystem_m.dylib
0x0000000026ba4000 	/usr/lib/system/libsystem_malloc.dylib
0x0000000026ba4000 	/usr/lib/system/libsystem_network.dylib
0x0000000026ba4000 	/usr/lib/system/libsystem_networkextension.dylib
0x0000000026ba4000 	/usr/lib/system/libsystem_notify.dylib
0x0000000026ba4000 	/usr/lib/system/libsystem_sandbox.dylib
0x0000000026ba4000 	/usr/lib/system/libsystem_secinit.dylib
0x0000000026ba4000 	/usr/lib/system/libsystem_kernel.dylib
0x0000000026ba4000 	/usr/lib/system/libsystem_platform.dylib
0x0000000026ba4000 	/usr/lib/system/libsystem_pthread.dylib
0x0000000026ba4000 	/usr/lib/system/libsystem_symptoms.dylib
0x0000000026ba4000 	/usr/lib/system/libsystem_trace.dylib
0x0000000026ba4000 	/usr/lib/system/libunwind.dylib
0x0000000026ba4000 	/usr/lib/system/libxpc.dylib
0x0000000026ba4000 	/usr/lib/closure/libclosured.dylib
0x0000000026ba4000 	/usr/lib/libbsm.0.dylib
0x0000000026ba4000 	/usr/lib/system/libkxld.dylib
0x0000000026ba4000 	/usr/lib/libOpenScriptingUtil.dylib
0x0000000026ba4000 	/usr/lib/libcoretls.dylib
0x0000000026ba4000 	/usr/lib/libcoretls_cfhelpers.dylib
0x0000000026ba4000 	/usr/lib/libpam.2.dylib
0x0000000026ba4000 	/usr/lib/libsqlite3.dylib
0x0000000026ba4000 	/usr/lib/libxar.1.dylib
0x0000000026ba4000 	/usr/lib/libbz2.1.0.dylib
0x0000000026ba4000 	/usr/lib/liblzma.5.dylib
0x0000000026ba4000 	/usr/lib/libnetwork.dylib
0x0000000026ba4000 	/usr/lib/libapple_nghttp2.dylib
0x0000000026ba4000 	/usr/lib/libpcap.A.dylib
0x0000000026ba4000 	/usr/lib/libboringssl.dylib
0x0000000026ba4000 	/usr/lib/libusrtcp.dylib
0x0000000026ba4000 	/usr/lib/libapple_crypto.dylib
0x0000000026ba4000 	/System/Library/Frameworks/CoreServices.framework/Versions/A/Frameworks/FSEvents.framework/Versions/A/FSEvents
0x0000000026ba4000 	/System/Library/Frameworks/CoreServices.framework/Versions/A/Frameworks/CarbonCore.framework/Versions/A/CarbonCore
0x0000000026ba4000 	/System/Library/Frameworks/CoreServices.framework/Versions/A/Frameworks/Metadata.framework/Versions/A/Metadata
0x0000000026ba4000 	/System/Library/Frameworks/CoreServices.framework/Versions/A/Frameworks/OSServices.framework/Versions/A/OSServices
0x0000000026ba4000 	/System/Library/Frameworks/CoreServices.framework/Versions/A/Frameworks/SearchKit.framework/Versions/A/SearchKit
0x0000000026ba4000 	/System/Library/Frameworks/CoreServices.framework/Versions/A/Frameworks/AE.framework/Versions/A/AE
0x0000000026ba4000 	/System/Library/Frameworks/CoreServices.framework/Versions/A/Frameworks/LaunchServices.framework/Versions/A/LaunchServices
0x0000000026ba4000 	/System/Library/Frameworks/CoreServices.framework/Versions/A/Frameworks/DictionaryServices.framework/Versions/A/DictionaryServices
0x0000000026ba4000 	/System/Library/Frameworks/CoreServices.framework/Versions/A/Frameworks/SharedFileList.framework/Versions/A/SharedFileList
0x0000000026ba4000 	/System/Library/Frameworks/NetFS.framework/Versions/A/NetFS
0x0000000026ba4000 	/System/Library/PrivateFrameworks/NetAuth.framework/Versions/A/NetAuth
0x0000000026ba4000 	/System/Library/PrivateFrameworks/login.framework/Versions/A/Frameworks/loginsupport.framework/Versions/A/loginsupport
0x0000000026ba4000 	/System/Library/PrivateFrameworks/TCC.framework/Versions/A/TCC
0x0000000026ba4000 	/usr/lib/libmecabra.dylib
0x0000000026ba4000 	/System/Library/Frameworks/ApplicationServices.framework/Versions/A/Frameworks/ATS.framework/Versions/A/ATS
0x0000000026ba4000 	/System/Library/Frameworks/ApplicationServices.framework/Versions/A/Frameworks/ColorSyncLegacy.framework/Versions/A/ColorSyncLegacy
0x0000000026ba4000 	/System/Library/Frameworks/ApplicationServices.framework/Versions/A/Frameworks/HIServices.framework/Versions/A/HIServices
0x0000000026ba4000 	/System/Library/Frameworks/ApplicationServices.framework/Versions/A/Frameworks/LangAnalysis.framework/Versions/A/LangAnalysis
0x0000000026ba4000 	/System/Library/Frameworks/ApplicationServices.framework/Versions/A/Frameworks/PrintCore.framework/Versions/A/PrintCore
0x0000000026ba4000 	/System/Library/Frameworks/ApplicationServices.framework/Versions/A/Frameworks/QD.framework/Versions/A/QD
0x0000000026ba4000 	/System/Library/Frameworks/ApplicationServices.framework/Versions/A/Frameworks/SpeechSynthesis.framework/Versions/A/SpeechSynthesis
0x0000000026ba4000 	/System/Library/Frameworks/CoreDisplay.framework/Versions/A/CoreDisplay
0x0000000026ba4000 	/System/Library/Frameworks/Accelerate.framework/Versions/A/Frameworks/vImage.framework/Versions/A/vImage
0x0000000026ba4000 	/System/Library/Frameworks/Accelerate.framework/Versions/A/Frameworks/vecLib.framework/Versions/A/vecLib
0x0000000026ba4000 	/System/Library/Frameworks/Accelerate.framework/Versions/A/Frameworks/vecLib.framework/Versions/A/libvDSP.dylib
0x0000000026ba4000 	/System/Library/Frameworks/Accelerate.framework/Versions/A/Frameworks/vecLib.framework/Versions/A/libBNNS.dylib
0x0000000026ba4000 	/System/Library/Frameworks/Accelerate.framework/Versions/A/Frameworks/vecLib.framework/Versions/A/libQuadrature.dylib
0x0000000026ba4000 	/System/Library/Frameworks/Accelerate.framework/Versions/A/Frameworks/vecLib.framework/Versions/A/libvMisc.dylib
0x0000000026ba4000 	/System/Library/Frameworks/Accelerate.framework/Versions/A/Frameworks/vecLib.framework/Versions/A/libLAPACK.dylib
0x0000000026ba4000 	/System/Library/Frameworks/Accelerate.framework/Versions/A/Frameworks/vecLib.framework/Versions/A/libBLAS.dylib
0x0000000026ba4000 	/System/Library/Frameworks/Accelerate.framework/Versions/A/Frameworks/vecLib.framework/Versions/A/libLinearAlgebra.dylib
0x0000000026ba4000 	/System/Library/Frameworks/Accelerate.framework/Versions/A/Frameworks/vecLib.framework/Versions/A/libSparse.dylib
0x0000000026ba4000 	/System/Library/Frameworks/Accelerate.framework/Versions/A/Frameworks/vecLib.framework/Versions/A/libSparseBLAS.dylib
0x0000000026ba4000 	/System/Library/PrivateFrameworks/GPUWrangler.framework/Versions/A/GPUWrangler
0x0000000026ba4000 	/System/Library/PrivateFrameworks/IOAccelerator.framework/Versions/A/IOAccelerator
0x0000000026ba4000 	/System/Library/PrivateFrameworks/IOPresentment.framework/Versions/A/IOPresentment
0x0000000026ba4000 	/System/Library/PrivateFrameworks/DSExternalDisplay.framework/Versions/A/DSExternalDisplay
0x0000000026ba4000 	/System/Library/Frameworks/OpenGL.framework/Versions/A/Libraries/libCoreFSCache.dylib
0x0000000026ba4000 	/System/Library/Frameworks/CoreVideo.framework/Versions/A/CoreVideo
0x0000000026ba4000 	/System/Library/PrivateFrameworks/GraphVisualizer.framework/Versions/A/GraphVisualizer
0x0000000026ba4000 	/System/Library/Frameworks/MetalPerformanceShaders.framework/Versions/A/MetalPerformanceShaders
0x0000000026ba4000 	/usr/lib/libFosl_dynamic.dylib
0x0000000026ba4000 	/System/Library/PrivateFrameworks/FaceCore.framework/Versions/A/FaceCore
0x0000000026ba4000 	/System/Library/Frameworks/OpenCL.framework/Versions/A/OpenCL
0x0000000026ba4000 	/usr/lib/libcompression.dylib
0x0000000026ba4000 	/System/Library/Frameworks/ApplicationServices.framework/Versions/A/Frameworks/ATS.framework/Versions/A/Resources/libFontParser.dylib
0x0000000026ba4000 	/System/Library/Frameworks/ApplicationServices.framework/Versions/A/Frameworks/ATS.framework/Versions/A/Resources/libFontRegistry.dylib
0x0000000026ba4000 	/System/Library/Frameworks/ImageIO.framework/Versions/A/Resources/libJPEG.dylib
0x0000000026ba4000 	/System/Library/Frameworks/ImageIO.framework/Versions/A/Resources/libTIFF.dylib
0x0000000026ba4000 	/System/Library/Frameworks/ImageIO.framework/Versions/A/Resources/libPng.dylib
0x0000000026ba4000 	/System/Library/Frameworks/ImageIO.framework/Versions/A/Resources/libGIF.dylib
0x0000000026ba4000 	/System/Library/Frameworks/ImageIO.framework/Versions/A/Resources/libJP2.dylib
0x0000000026ba4000 	/System/Library/Frameworks/ImageIO.framework/Versions/A/Resources/libRadiance.dylib
0x0000000026ba4000 	/System/Library/PrivateFrameworks/AppleJPEG.framework/Versions/A/AppleJPEG
0x0000000026ba4000 	/System/Library/Frameworks/MetalPerformanceShaders.framework/Frameworks/MPSCore.framework/Versions/A/MPSCore
0x0000000026ba4000 	/System/Library/Frameworks/MetalPerformanceShaders.framework/Frameworks/MPSImage.framework/Versions/A/MPSImage
0x0000000026ba4000 	/System/Library/Frameworks/MetalPerformanceShaders.framework/Frameworks/MPSNeuralNetwork.framework/Versions/A/MPSNeuralNetwork
0x0000000026ba4000 	/System/Library/Frameworks/MetalPerformanceShaders.framework/Frameworks/MPSMatrix.framework/Versions/A/MPSMatrix
0x0000000026ba4000 	/System/Library/PrivateFrameworks/MetalTools.framework/Versions/A/MetalTools
0x0000000026ba4000 	/System/Library/Frameworks/OpenGL.framework/Versions/A/Libraries/libGLU.dylib
0x0000000026ba4000 	/System/Library/Frameworks/OpenGL.framework/Versions/A/Libraries/libGFXShared.dylib
0x0000000026ba4000 	/System/Library/Frameworks/OpenGL.framework/Versions/A/Libraries/libGL.dylib
0x0000000026ba4000 	/System/Library/Frameworks/OpenGL.framework/Versions/A/Libraries/libGLImage.dylib
0x0000000026ba4000 	/System/Library/Frameworks/OpenGL.framework/Versions/A/Libraries/libCVMSPluginSupport.dylib
0x0000000026ba4000 	/System/Library/Frameworks/OpenGL.framework/Versions/A/Libraries/libCoreVMClient.dylib
0x0000000026ba4000 	/usr/lib/libcups.2.dylib
0x0000000026ba4000 	/System/Library/Frameworks/Kerberos.framework/Versions/A/Kerberos
0x0000000026ba4000 	/System/Library/Frameworks/GSS.framework/Versions/A/GSS
0x0000000026ba4000 	/usr/lib/libresolv.9.dylib
0x0000000026ba4000 	/usr/lib/libiconv.2.dylib
0x0000000026ba4000 	/System/Library/PrivateFrameworks/Heimdal.framework/Versions/A/Heimdal
0x0000000026ba4000 	/usr/lib/libheimdal-asn1.dylib
0x0000000026ba4000 	/System/Library/Frameworks/OpenDirectory.framework/Versions/A/OpenDirectory
0x0000000026ba4000 	/System/Library/PrivateFrameworks/CommonAuth.framework/Versions/A/CommonAuth
0x0000000026ba4000 	/System/Library/Frameworks/OpenDirectory.framework/Versions/A/Frameworks/CFOpenDirectory.framework/Versions/A/CFOpenDirectory
0x0000000026ba4000 	/System/Library/Frameworks/SecurityFoundation.framework/Versions/A/SecurityFoundation
0x0000000026ba4000 	/System/Library/PrivateFrameworks/APFS.framework/Versions/A/APFS
0x0000000026ba4000 	/usr/lib/libutil.dylib
0x0000000026ba4000 	/System/Library/PrivateFrameworks/AppleSauce.framework/Versions/A/AppleSauce
0x0000000026ba4000 	/System/Library/PrivateFrameworks/LinguisticData.framework/Versions/A/LinguisticData
0x0000000026ba4000 	/usr/lib/libmarisa.dylib
0x0000000026ba4000 	/System/Library/PrivateFrameworks/Lexicon.framework/Versions/A/Lexicon
0x0000000026ba4000 	/usr/lib/libChineseTokenizer.dylib
0x0000000026ba4000 	/usr/lib/libcmph.dylib
0x0000000026ba4000 	/System/Library/PrivateFrameworks/LanguageModeling.framework/Versions/A/LanguageModeling
0x0000000026ba4000 	/System/Library/PrivateFrameworks/CoreEmoji.framework/Versions/A/CoreEmoji
0x0000000026ba4000 	/System/Library/Frameworks/ServiceManagement.framework/Versions/A/ServiceManagement
0x0000000026ba4000 	/System/Library/PrivateFrameworks/BackgroundTaskManagement.framework/Versions/A/BackgroundTaskManagement
0x0000000026ba4000 	/usr/lib/libxslt.1.dylib
0x0000000026ba4000 	/System/Library/Frameworks/Carbon.framework/Versions/A/Frameworks/Ink.framework/Versions/A/Ink
0x0000000026ba4000 	/System/Library/PrivateFrameworks/TextureIO.framework/Versions/A/TextureIO
0x0000000026ba4000 	/usr/lib/libate.dylib
0x0000000026ba4000 	/System/Library/PrivateFrameworks/CrashReporterSupport.framework/Versions/A/CrashReporterSupport
0x0000000026ba4000 	/System/Library/PrivateFrameworks/Sharing.framework/Versions/A/Sharing
0x0000000026ba4000 	/System/Library/PrivateFrameworks/IconServices.framework/Versions/A/IconServices
0x0000000026ba4000 	/System/Library/PrivateFrameworks/Apple80211.framework/Versions/A/Apple80211
0x0000000026ba4000 	/System/Library/PrivateFrameworks/CoreUtils.framework/Versions/A/CoreUtils
0x0000000026ba4000 	/System/Library/Frameworks/CoreWLAN.framework/Versions/A/CoreWLAN
0x0000000026ba4000 	/System/Library/Frameworks/IOBluetooth.framework/Versions/A/IOBluetooth
0x0000000026ba4000 	/System/Library/PrivateFrameworks/ProtocolBuffer.framework/Versions/A/ProtocolBuffer
0x0000000026ba4000 	/System/Library/PrivateFrameworks/CoreWiFi.framework/Versions/A/CoreWiFi
0x0000000026ba4000 	/System/Library/Frameworks/CoreBluetooth.framework/Versions/A/CoreBluetooth
0x0000000026ba4000 	/System/Library/PrivateFrameworks/DebugSymbols.framework/Versions/A/DebugSymbols
0x0000000026ba4000 	/System/Library/PrivateFrameworks/CoreSymbolication.framework/Versions/A/CoreSymbolication
0x0000000026ba4000 	/System/Library/PrivateFrameworks/Symbolication.framework/Versions/A/Symbolication
0x0000000026ba4000 	/System/Library/PrivateFrameworks/AppleFSCompression.framework/Versions/A/AppleFSCompression
0x0000000026ba4000 	/System/Library/PrivateFrameworks/SpeechRecognitionCore.framework/Versions/A/SpeechRecognitionCore
0x0000000026ba4000 	/System/Library/CoreServices/Encodings/libLatin2Converter.dylib
0x0000000110800000 	/Library/Java/JavaVirtualMachines/jdk1.8.0_171.jdk/Contents/Home/jre/lib/server/libjvm.dylib
0x0000000026ba4000 	/usr/lib/libstdc++.6.0.9.dylib
0x000000010f73d000 	/Library/Java/JavaVirtualMachines/jdk1.8.0_171.jdk/Contents/Home/jre/lib/libverify.dylib
0x000000010f74b000 	/Library/Java/JavaVirtualMachines/jdk1.8.0_171.jdk/Contents/Home/jre/lib/libjava.dylib
0x000000010f7cb000 	/Library/Java/JavaVirtualMachines/jdk1.8.0_171.jdk/Contents/Home/jre/lib/libzip.dylib
0x0000000115884000 	/Library/Java/JavaVirtualMachines/jdk1.8.0_171.jdk/Contents/Home/jre/lib/libawt.dylib
0x000000011592e000 	/Library/Java/JavaVirtualMachines/jdk1.8.0_171.jdk/Contents/Home/jre/lib/./libmlib_image.dylib
0x0000000026ba4000 	/System/Library/Frameworks/JavaVM.framework/Versions/A/Frameworks/JavaNativeFoundation.framework/Versions/A/JavaNativeFoundation
0x0000000026ba4000 	/System/Library/Frameworks/JavaVM.framework/Versions/A/Frameworks/JavaRuntimeSupport.framework/Versions/A/JavaRuntimeSupport
0x0000000026ba4000 	/System/Library/Frameworks/JavaVM.framework/Versions/A/JavaVM
0x0000000026ba4000 	/System/Library/PrivateFrameworks/JavaLaunching.framework/Versions/A/JavaLaunching
0x0000000026ba4000 	/System/Library/Frameworks/Carbon.framework/Versions/A/Carbon
0x0000000026ba4000 	/System/Library/Frameworks/Carbon.framework/Versions/A/Frameworks/CommonPanels.framework/Versions/A/CommonPanels
0x0000000026ba4000 	/System/Library/Frameworks/Carbon.framework/Versions/A/Frameworks/Help.framework/Versions/A/Help
0x0000000026ba4000 	/System/Library/Frameworks/Carbon.framework/Versions/A/Frameworks/ImageCapture.framework/Versions/A/ImageCapture
0x0000000026ba4000 	/System/Library/Frameworks/Carbon.framework/Versions/A/Frameworks/OpenScripting.framework/Versions/A/OpenScripting
0x0000000026ba4000 	/System/Library/Frameworks/Carbon.framework/Versions/A/Frameworks/Print.framework/Versions/A/Print
0x0000000026ba4000 	/System/Library/Frameworks/Carbon.framework/Versions/A/Frameworks/SecurityHI.framework/Versions/A/SecurityHI
0x00000001159fa000 	/Library/Java/JavaVirtualMachines/jdk1.8.0_171.jdk/Contents/Home/jre/lib/libawt_lwawt.dylib
0x0000000115ab4000 	/Library/Java/JavaVirtualMachines/jdk1.8.0_171.jdk/Contents/Home/jre/lib/./libosxapp.dylib
0x0000000026ba4000 	/System/Library/Frameworks/ExceptionHandling.framework/Versions/A/ExceptionHandling
0x0000000026ba4000 	/System/Library/PrivateFrameworks/CoreServicesInternal.framework/Versions/A/CoreServicesInternal
0x0000000026ba4000 	/System/Library/CoreServices/RawCamera.bundle/Contents/MacOS/RawCamera
0x0000000026ba4000 	/System/Library/PrivateFrameworks/MobileAsset.framework/Versions/A/MobileAsset
0x0000000026ba4000 	/System/Library/PrivateFrameworks/StreamingZip.framework/Versions/A/StreamingZip
0x0000000026ba4000 	/System/Library/Frameworks/MediaToolbox.framework/Versions/A/MediaToolbox
0x0000000026ba4000 	/System/Library/PrivateFrameworks/CoreAVCHD.framework/Versions/A/CoreAVCHD
0x0000000026ba4000 	/System/Library/Frameworks/MediaAccessibility.framework/Versions/A/MediaAccessibility
0x0000000026ba4000 	/System/Library/PrivateFrameworks/Mangrove.framework/Versions/A/Mangrove
0x0000000026ba4000 	/System/Library/Frameworks/CoreMedia.framework/Versions/A/CoreMedia
0x0000000026ba4000 	/System/Library/Frameworks/VideoToolbox.framework/Versions/A/VideoToolbox
0x0000000026ba4000 	/System/Library/PrivateFrameworks/CoreAUC.framework/Versions/A/CoreAUC
0x0000000026ba4000 	/usr/lib/libspindump.dylib
0x0000000026ba4000 	/System/Library/PrivateFrameworks/AppleVA.framework/Versions/A/AppleVA
0x0000000026ba4000 	/System/Library/Frameworks/Accelerate.framework/Versions/A/Frameworks/vImage.framework/Versions/A/Libraries/libCGInterfaces.dylib
0x0000000026ba4000 	/System/Library/Frameworks/ApplicationServices.framework/Versions/A/Frameworks/ATS.framework/Versions/A/Resources/libTrueTypeScaler.dylib
0x0000000026ba4000 	/System/Library/Extensions/GeForceMTLDriver.bundle/Contents/MacOS/GeForceMTLDriver
0x0000000026ba4000 	/System/Library/PrivateFrameworks/GPUCompiler.framework/Versions/3802/Libraries/libmetal_timestamp.dylib
0x0000000026ba4000 	/System/Library/PrivateFrameworks/FamilyControls.framework/Versions/A/FamilyControls
0x0000000026ba4000 	/System/Library/PrivateFrameworks/CommerceKit.framework/Versions/A/Frameworks/CommerceCore.framework/Versions/A/CommerceCore
0x0000000026ba4000 	/System/Library/PrivateFrameworks/SystemAdministration.framework/Versions/A/SystemAdministration
0x0000000026ba4000 	/System/Library/PrivateFrameworks/AppContainer.framework/Versions/A/AppContainer
0x0000000026ba4000 	/System/Library/PrivateFrameworks/SecCodeWrapper.framework/Versions/A/SecCodeWrapper
0x0000000026ba4000 	/System/Library/PrivateFrameworks/DiskManagement.framework/Versions/A/DiskManagement
0x0000000026ba4000 	/System/Library/Frameworks/DirectoryService.framework/Versions/A/DirectoryService
0x0000000026ba4000 	/System/Library/PrivateFrameworks/DiskImages.framework/Versions/A/DiskImages
0x0000000026ba4000 	/System/Library/PrivateFrameworks/LoginUIKit.framework/Versions/A/Frameworks/LoginUICore.framework/Versions/A/LoginUICore
0x0000000026ba4000 	/usr/lib/libCoreStorage.dylib
0x0000000026ba4000 	/usr/lib/libcsfde.dylib
0x0000000026ba4000 	/usr/lib/libodfde.dylib
0x0000000026ba4000 	/System/Library/PrivateFrameworks/MediaKit.framework/Versions/A/MediaKit
0x0000000026ba4000 	/System/Library/Frameworks/DiscRecording.framework/Versions/A/DiscRecording
0x0000000026ba4000 	/System/Library/PrivateFrameworks/EFILogin.framework/Versions/A/EFILogin
0x0000000026ba4000 	/System/Library/PrivateFrameworks/ProtectedCloudStorage.framework/Versions/A/ProtectedCloudStorage
0x0000000026ba4000 	/usr/lib/libcurl.4.dylib
0x0000000026ba4000 	/usr/lib/libcrypto.35.dylib
0x0000000026ba4000 	/usr/lib/libssl.35.dylib
0x0000000026ba4000 	/System/Library/Frameworks/LDAP.framework/Versions/A/LDAP
0x0000000026ba4000 	/System/Library/PrivateFrameworks/TrustEvaluationAgent.framework/Versions/A/TrustEvaluationAgent
0x0000000026ba4000 	/usr/lib/libsasl2.2.dylib
0x0000000026ba4000 	/System/Library/PrivateFrameworks/CoreDaemon.framework/Versions/B/CoreDaemon
0x0000000026ba4000 	/System/Library/PrivateFrameworks/AppleSRP.framework/Versions/A/AppleSRP
0x0000000026ba4000 	/System/Library/PrivateFrameworks/ViewBridge.framework/Versions/A/ViewBridge
0x0000000026ba4000 	/System/Library/PrivateFrameworks/login.framework/Versions/A/login
0x000000011684b000 	/Library/Java/JavaVirtualMachines/jdk1.8.0_171.jdk/Contents/Home/jre/lib/libfontmanager.dylib
0x00000001168b2000 	/Users/markovitsgergo/Documents/GitHub/CarRace/gameEngine/lib/natives/liblwjgl.jnilib
0x0000000115ef8000 	/Library/Java/JavaVirtualMachines/jdk1.8.0_171.jdk/Contents/Home/jre/lib/libjawt.dylib
0x0000000026ba4000 	/System/Library/Frameworks/OpenGL.framework/Versions/A/Resources/GLEngine.bundle/GLEngine
0x0000000026ba4000 	/System/Library/Frameworks/OpenGL.framework/Versions/A/Libraries/libGLProgrammability.dylib
0x0000000026ba4000 	/System/Library/Extensions/GeForceGLDriver.bundle/Contents/MacOS/GeForceGLDriver
0x0000000026ba4000 	/System/Library/PrivateFrameworks/GPUSupport.framework/Versions/A/Libraries/libGPUSupportMercury.dylib
0x0000000026ba4000 	/System/Library/Extensions/GeForceGLDriver.bundle/Contents/MacOS/libclh.dylib
0x0000000026ba4000 	/System/Library/Frameworks/OpenGL.framework/Versions/A/Resources/GLRendererFloat.bundle/GLRendererFloat
0x0000000026ba4000 	/System/Library/Frameworks/OpenCL.framework/Versions/A/Libraries/libcldcpuengine.dylib

VM Arguments:
jvm_args: -Djava.library.path=/Users/markovitsgergo/Documents/GitHub/CarRace/gameEngine/lib/natives -Dfile.encoding=UTF-8 
java_command: engineTester.MainGameLoop
java_class_path (initial): /Library/Java/JavaVirtualMachines/jdk1.8.0_171.jdk/Contents/Home/jre/lib/resources.jar:/Library/Java/JavaVirtualMachines/jdk1.8.0_171.jdk/Contents/Home/jre/lib/rt.jar:/Library/Java/JavaVirtualMachines/jdk1.8.0_171.jdk/Contents/Home/jre/lib/jsse.jar:/Library/Java/JavaVirtualMachines/jdk1.8.0_171.jdk/Contents/Home/jre/lib/jce.jar:/Library/Java/JavaVirtualMachines/jdk1.8.0_171.jdk/Contents/Home/jre/lib/charsets.jar:/Library/Java/JavaVirtualMachines/jdk1.8.0_171.jdk/Contents/Home/jre/lib/jfr.jar:/Library/Java/JavaVirtualMachines/jdk1.8.0_171.jdk/Contents/Home/jre/lib/ext/sunec.jar:/Library/Java/JavaVirtualMachines/jdk1.8.0_171.jdk/Contents/Home/jre/lib/ext/nashorn.jar:/Library/Java/JavaVirtualMachines/jdk1.8.0_171.jdk/Contents/Home/jre/lib/ext/cldrdata.jar:/Library/Java/JavaVirtualMachines/jdk1.8.0_171.jdk/Contents/Home/jre/lib/ext/jfxrt.jar:/Library/Java/JavaVirtualMachines/jdk1.8.0_171.jdk/Contents/Home/jre/lib/ext/dnsns.jar:/Library/Java/JavaVirtualMachines/jdk1.8.0_171.jdk/Contents/Home/jre/lib/ext/localedata.jar:/Library/Java/JavaVirtualMachines/jdk1.8.0_171.jdk/Contents/Home/jre/lib/ext/sunjce_provider.jar:/Library/Java/JavaVirtualMachines/jdk1.8.0_171.jdk/Contents/Home/jre/lib/ext/sunpkcs11.jar:/Library/Java/JavaVirtualMachines/jdk1.8.0_171.jdk/Contents/Home/jre/lib/ext/jaccess.jar:/Library/Java/JavaVirtualMachines/jdk1.8.0_171.jdk/Contents/Home/jre/lib/ext/zipfs.jar:/System/Library/Java/Extensions/MRJToolkit.jar:/Users/markovitsgergo/Documents/GitHub/CarRace/gameEngine/bin:/Users/markovitsgergo/Documents/GitHub/CarRace/gameEngine/lib/jars/lwjgl_util.jar:/Users/markovitsgergo/Documents/GitHub/CarRace/gameEngine/lib/jars/lwjgl.jar:/Users/markovitsgergo/Documents/GitHub/CarRace/gameEngine/lib/jars/slick-util.jar
Launcher Type: SUN_STANDARD

Environment Variables:
PATH=/usr/bin:/bin:/usr/sbin:/sbin
SHELL=/bin/bash

Signal Handlers:
SIGSEGV: [libjvm.dylib+0x5b512d], sa_mask[0]=11111111011111110111111111111111, sa_flags=SA_ONSTACK|SA_RESTART|SA_SIGINFO
SIGBUS: [libjvm.dylib+0x5b512d], sa_mask[0]=11111111011111110111111111111111, sa_flags=SA_RESTART|SA_SIGINFO
SIGFPE: [libjvm.dylib+0x48aa90], sa_mask[0]=11111111011111110111111111111111, sa_flags=SA_RESTART|SA_SIGINFO
SIGPIPE: [libjvm.dylib+0x48aa90], sa_mask[0]=11111111011111110111111111111111, sa_flags=SA_RESTART|SA_SIGINFO
SIGXFSZ: [libjvm.dylib+0x48aa90], sa_mask[0]=11111111011111110111111111111111, sa_flags=SA_RESTART|SA_SIGINFO
SIGILL: [libjvm.dylib+0x48aa90], sa_mask[0]=11111111011111110111111111111111, sa_flags=SA_RESTART|SA_SIGINFO
SIGUSR1: SIG_DFL, sa_mask[0]=00000000000000000000000000000000, sa_flags=none
SIGUSR2: [libjvm.dylib+0x48a5ae], sa_mask[0]=00100000000000000000000000000000, sa_flags=SA_RESTART|SA_SIGINFO
SIGHUP: [libjvm.dylib+0x488b79], sa_mask[0]=11111111011111110111111111111111, sa_flags=SA_RESTART|SA_SIGINFO
SIGINT: [libjvm.dylib+0x488b79], sa_mask[0]=11111111011111110111111111111111, sa_flags=SA_RESTART|SA_SIGINFO
SIGTERM: [libjvm.dylib+0x488b79], sa_mask[0]=11111111011111110111111111111111, sa_flags=SA_RESTART|SA_SIGINFO
SIGQUIT: [libjvm.dylib+0x488b79], sa_mask[0]=11111111011111110111111111111111, sa_flags=SA_RESTART|SA_SIGINFO


---------------  S Y S T E M  ---------------

OS:Bsduname:Darwin 17.5.0 Darwin Kernel Version 17.5.0: Fri Apr 13 19:32:32 PDT 2018; root:xnu-4570.51.2~1/RELEASE_X86_64 x86_64
rlimit: STACK 8192k, CORE 0k, NPROC 1418, NOFILE 10240, AS infinity
load average:1.74 1.79 1.71

CPU:total 8 (initial active 8) (4 cores per cpu, 2 threads per core) family 6 model 60 stepping 3, cmov, cx8, fxsr, mmx, sse, sse2, sse3, ssse3, sse4.1, sse4.2, popcnt, avx, avx2, aes, clmul, erms, lzcnt, ht, tsc, tscinvbit, bmi1, bmi2

Memory: 4k page, physical 16777216k(1754312k free)

/proc/meminfo:


vm_info: Java HotSpot(TM) 64-Bit Server VM (25.171-b11) for bsd-amd64 JRE (1.8.0_171-b11), built on Mar 28 2018 12:50:57 by "java_re" with gcc 4.2.1 (Based on Apple Inc. build 5658) (LLVM build 2336.11.00)

time: Fri May 25 14:12:26 2018
elapsed time: 1 seconds (0d 0h 0m 1s)

